[2019-12-28 14:48:27,849] [INFO] [] [] [] [] [] [] [] [] [] [] [] [] [c.d.e.SpringDemoAPIExampleApplicationTests] [StartupInfoLogger.java:48] [] [] [] [><[Starting SpringDemoAPIExampleApplicationTests on ROSVC-BUC000078 with PID 22312 (started by Ciprian.CIOBOTARU in D:\SpringBoot\demoaPI)]><] []
[2019-12-28 14:48:27,850] [INFO] [] [] [] [] [] [] [] [] [] [] [] [] [c.d.e.SpringDemoAPIExampleApplicationTests] [SpringApplication.java:593] [] [] [] [><[No active profile set, falling back to default profiles: default]><] []
[2019-12-28 14:48:27,878] [INFO] [] [] [] [] [] [] [] [] [] [] [] [] [o.s.w.c.s.GenericWebApplicationContext] [AbstractApplicationContext.java:583] [] [] [] [><[Refreshing org.springframework.web.context.support.GenericWebApplicationContext@5c7933ad: startup date [Sat Dec 28 14:48:27 EET 2019]; root of context hierarchy]><] []
[2019-12-28 14:48:28,183] [INFO] [] [] [] [] [] [] [] [] [] [] [] [] [o.h.v.i.u.Version] [Version.java:30] [] [] [] [><[HV000001: Hibernate Validator 5.3.6.Final]><] []
[2019-12-28 14:48:29,251] [INFO] [] [] [] [] [] [] [] [] [] [] [] [] [o.s.w.s.m.m.a.RequestMappingHandlerMapping] [AbstractHandlerMethodMapping.java:543] [] [] [] [><[Mapped "{[/v2/persons/],methods=[POST],produces=[application/json]}" onto public com.demoapi.example.domain.Person com.demoapi.example.controllers.PersonController.createPerson(com.demoapi.example.domain.Person)]><] []
[2019-12-28 14:48:29,252] [INFO] [] [] [] [] [] [] [] [] [] [] [] [] [o.s.w.s.m.m.a.RequestMappingHandlerMapping] [AbstractHandlerMethodMapping.java:543] [] [] [] [><[Mapped "{[/v2/persons/{id}],methods=[DELETE]}" onto public void com.demoapi.example.controllers.PersonController.deletePerson(int)]><] []
[2019-12-28 14:48:29,253] [INFO] [] [] [] [] [] [] [] [] [] [] [] [] [o.s.w.s.m.m.a.RequestMappingHandlerMapping] [AbstractHandlerMethodMapping.java:543] [] [] [] [><[Mapped "{[/v2/persons/],methods=[GET],produces=[application/json]}" onto public java.util.List<com.demoapi.example.domain.Person> com.demoapi.example.controllers.PersonController.getAllPersons()]><] []
[2019-12-28 14:48:29,253] [INFO] [] [] [] [] [] [] [] [] [] [] [] [] [o.s.w.s.m.m.a.RequestMappingHandlerMapping] [AbstractHandlerMethodMapping.java:543] [] [] [] [><[Mapped "{[/v2/persons/{id}],methods=[GET],produces=[application/json]}" onto public com.demoapi.example.domain.Person com.demoapi.example.controllers.PersonController.getPersonById(int)]><] []
[2019-12-28 14:48:29,256] [INFO] [] [] [] [] [] [] [] [] [] [] [] [] [o.s.w.s.m.m.a.RequestMappingHandlerMapping] [AbstractHandlerMethodMapping.java:543] [] [] [] [><[Mapped "{[/swagger-resources/configuration/ui]}" onto public org.springframework.http.ResponseEntity<springfox.documentation.swagger.web.UiConfiguration> springfox.documentation.swagger.web.ApiResourceController.uiConfiguration()]><] []
[2019-12-28 14:48:29,257] [INFO] [] [] [] [] [] [] [] [] [] [] [] [] [o.s.w.s.m.m.a.RequestMappingHandlerMapping] [AbstractHandlerMethodMapping.java:543] [] [] [] [><[Mapped "{[/swagger-resources]}" onto public org.springframework.http.ResponseEntity<java.util.List<springfox.documentation.swagger.web.SwaggerResource>> springfox.documentation.swagger.web.ApiResourceController.swaggerResources()]><] []
[2019-12-28 14:48:29,258] [INFO] [] [] [] [] [] [] [] [] [] [] [] [] [o.s.w.s.m.m.a.RequestMappingHandlerMapping] [AbstractHandlerMethodMapping.java:543] [] [] [] [><[Mapped "{[/swagger-resources/configuration/security]}" onto public org.springframework.http.ResponseEntity<springfox.documentation.swagger.web.SecurityConfiguration> springfox.documentation.swagger.web.ApiResourceController.securityConfiguration()]><] []
[2019-12-28 14:48:29,262] [INFO] [] [] [] [] [] [] [] [] [] [] [] [] [o.s.w.s.m.m.a.RequestMappingHandlerMapping] [AbstractHandlerMethodMapping.java:543] [] [] [] [><[Mapped "{[/error]}" onto public org.springframework.http.ResponseEntity<java.util.Map<java.lang.String, java.lang.Object>> org.springframework.boot.autoconfigure.web.BasicErrorController.error(javax.servlet.http.HttpServletRequest)]><] []
[2019-12-28 14:48:29,263] [INFO] [] [] [] [] [] [] [] [] [] [] [] [] [o.s.w.s.m.m.a.RequestMappingHandlerMapping] [AbstractHandlerMethodMapping.java:543] [] [] [] [><[Mapped "{[/error],produces=[text/html]}" onto public org.springframework.web.servlet.ModelAndView org.springframework.boot.autoconfigure.web.BasicErrorController.errorHtml(javax.servlet.http.HttpServletRequest,javax.servlet.http.HttpServletResponse)]><] []
[2019-12-28 14:48:29,379] [INFO] [] [] [] [] [] [] [] [] [] [] [] [] [s.d.s.w.PropertySourcedRequestMappingHandlerMapping] [PropertySourcedRequestMappingHandlerMapping.java:69] [] [] [] [><[Mapped URL path [/v2/api-docs] onto method [public org.springframework.http.ResponseEntity<springfox.documentation.spring.web.json.Json> springfox.documentation.swagger2.web.Swagger2Controller.getDocumentation(java.lang.String,javax.servlet.http.HttpServletRequest)]]><] []
[2019-12-28 14:48:29,773] [INFO] [] [] [] [] [] [] [] [] [] [] [] [] [o.s.w.s.m.m.a.RequestMappingHandlerAdapter] [RequestMappingHandlerAdapter.java:534] [] [] [] [><[Looking for @ControllerAdvice: org.springframework.web.context.support.GenericWebApplicationContext@5c7933ad: startup date [Sat Dec 28 14:48:27 EET 2019]; root of context hierarchy]><] []
[2019-12-28 14:48:29,845] [INFO] [] [] [] [] [] [] [] [] [] [] [] [] [o.s.w.s.h.SimpleUrlHandlerMapping] [AbstractUrlHandlerMapping.java:362] [] [] [] [><[Mapped URL path [/webjars/**] onto handler of type [class org.springframework.web.servlet.resource.ResourceHttpRequestHandler]]><] []
[2019-12-28 14:48:29,846] [INFO] [] [] [] [] [] [] [] [] [] [] [] [] [o.s.w.s.h.SimpleUrlHandlerMapping] [AbstractUrlHandlerMapping.java:362] [] [] [] [><[Mapped URL path [/**] onto handler of type [class org.springframework.web.servlet.resource.ResourceHttpRequestHandler]]><] []
[2019-12-28 14:48:29,886] [INFO] [] [] [] [] [] [] [] [] [] [] [] [] [o.s.w.s.h.SimpleUrlHandlerMapping] [AbstractUrlHandlerMapping.java:362] [] [] [] [><[Mapped URL path [/**/favicon.ico] onto handler of type [class org.springframework.web.servlet.resource.ResourceHttpRequestHandler]]><] []
[2019-12-28 14:48:30,055] [INFO] [] [] [] [] [] [] [] [] [] [] [] [] [o.s.c.s.DefaultLifecycleProcessor] [DefaultLifecycleProcessor.java:343] [] [] [] [><[Starting beans in phase 2147483647]><] []
[2019-12-28 14:48:30,056] [INFO] [] [] [] [] [] [] [] [] [] [] [] [] [s.d.s.w.p.DocumentationPluginsBootstrapper] [DocumentationPluginsBootstrapper.java:160] [] [] [] [><[Context refreshed]><] []
[2019-12-28 14:48:30,093] [INFO] [] [] [] [] [] [] [] [] [] [] [] [] [s.d.s.w.p.DocumentationPluginsBootstrapper] [DocumentationPluginsBootstrapper.java:163] [] [] [] [><[Found 1 custom documentation plugin(s)]><] []
[2019-12-28 14:48:30,150] [INFO] [] [] [] [] [] [] [] [] [] [] [] [] [s.d.s.w.s.ApiListingReferenceScanner] [ApiListingReferenceScanner.java:41] [] [] [] [><[Scanning for api listing references]><] []
[2019-12-28 14:48:30,360] [INFO] [] [] [] [] [] [] [] [] [] [] [] [] [c.d.e.SpringDemoAPIExampleApplicationTests] [StartupInfoLogger.java:57] [] [] [] [><[Started SpringDemoAPIExampleApplicationTests in 2.915 seconds (JVM running for 3.657)]><] []
[2019-12-28 14:48:30,423] [INFO] [] [] [] [] [] [] [] [] [] [] [] [] [o.s.w.c.s.GenericWebApplicationContext] [AbstractApplicationContext.java:984] [] [] [] [><[Closing org.springframework.web.context.support.GenericWebApplicationContext@5c7933ad: startup date [Sat Dec 28 14:48:27 EET 2019]; root of context hierarchy]><] []
[2019-12-28 14:48:30,425] [INFO] [] [] [] [] [] [] [] [] [] [] [] [] [o.s.c.s.DefaultLifecycleProcessor] [DefaultLifecycleProcessor.java:358] [] [] [] [><[Stopping beans in phase 2147483647]><] []
[2019-12-28 14:48:56,804] [INFO] [] [] [] [] [] [] [] [] [] [] [] [] [c.d.e.SpringDemoAPIExampleApplication] [StartupInfoLogger.java:48] [] [] [] [><[Starting SpringDemoAPIExampleApplication on ROSVC-BUC000078 with PID 16808 (D:\SpringBoot\demoaPI\target\classes started by Ciprian.CIOBOTARU in D:\SpringBoot\demoaPI)]><] []
[2019-12-28 14:48:56,806] [INFO] [] [] [] [] [] [] [] [] [] [] [] [] [c.d.e.SpringDemoAPIExampleApplication] [SpringApplication.java:593] [] [] [] [><[No active profile set, falling back to default profiles: default]><] []
[2019-12-28 14:48:56,844] [INFO] [] [] [] [] [] [] [] [] [] [] [] [] [o.s.b.c.e.AnnotationConfigEmbeddedWebApplicationContext] [AbstractApplicationContext.java:583] [] [] [] [><[Refreshing org.springframework.boot.context.embedded.AnnotationConfigEmbeddedWebApplicationContext@436813f3: startup date [Sat Dec 28 14:48:56 EET 2019]; root of context hierarchy]><] []
[2019-12-28 14:48:57,104] [INFO] [] [] [] [] [] [] [] [] [] [] [] [] [o.h.v.i.u.Version] [Version.java:30] [] [] [] [><[HV000001: Hibernate Validator 5.3.6.Final]><] []
[2019-12-28 14:48:58,821] [INFO] [] [] [] [] [] [] [] [] [] [] [] [] [o.s.b.c.e.t.TomcatEmbeddedServletContainer] [TomcatEmbeddedServletContainer.java:89] [] [] [] [><[Tomcat initialized with port(s): 8890 (http)]><] []
[2019-12-28 14:48:58,836] [INFO] [] [] [] [] [] [] [] [] [] [] [] [] [o.a.c.c.StandardService] [DirectJDKLog.java:180] [] [] [] [><[Starting service [Tomcat]]><] []
[2019-12-28 14:48:58,837] [INFO] [] [] [] [] [] [] [] [] [] [] [] [] [o.a.c.c.StandardEngine] [DirectJDKLog.java:180] [] [] [] [><[Starting Servlet Engine: Apache Tomcat/8.5.27]><] []
[2019-12-28 14:48:59,057] [INFO] [] [] [] [] [] [] [] [] [] [] [] [] [o.a.c.c.C.[.[.[/]] [DirectJDKLog.java:180] [] [] [] [><[Initializing Spring embedded WebApplicationContext]><] []
[2019-12-28 14:48:59,057] [INFO] [] [] [] [] [] [] [] [] [] [] [] [] [o.s.w.c.ContextLoader] [EmbeddedWebApplicationContext.java:276] [] [] [] [><[Root WebApplicationContext: initialization completed in 2213 ms]><] []
[2019-12-28 14:48:59,219] [INFO] [] [] [] [] [] [] [] [] [] [] [] [] [o.s.b.w.s.ServletRegistrationBean] [ServletRegistrationBean.java:190] [] [] [] [><[Mapping servlet: 'dispatcherServlet' to [/]]><] []
[2019-12-28 14:48:59,223] [INFO] [] [] [] [] [] [] [] [] [] [] [] [] [o.s.b.w.s.FilterRegistrationBean] [AbstractFilterRegistrationBean.java:258] [] [] [] [><[Mapping filter: 'characterEncodingFilter' to: [/*]]><] []
[2019-12-28 14:48:59,223] [INFO] [] [] [] [] [] [] [] [] [] [] [] [] [o.s.b.w.s.FilterRegistrationBean] [AbstractFilterRegistrationBean.java:258] [] [] [] [><[Mapping filter: 'hiddenHttpMethodFilter' to: [/*]]><] []
[2019-12-28 14:48:59,223] [INFO] [] [] [] [] [] [] [] [] [] [] [] [] [o.s.b.w.s.FilterRegistrationBean] [AbstractFilterRegistrationBean.java:258] [] [] [] [><[Mapping filter: 'httpPutFormContentFilter' to: [/*]]><] []
[2019-12-28 14:48:59,224] [INFO] [] [] [] [] [] [] [] [] [] [] [] [] [o.s.b.w.s.FilterRegistrationBean] [AbstractFilterRegistrationBean.java:258] [] [] [] [><[Mapping filter: 'requestContextFilter' to: [/*]]><] []
[2019-12-28 14:48:59,641] [INFO] [] [] [] [] [] [] [] [] [] [] [] [] [o.s.w.s.m.m.a.RequestMappingHandlerMapping] [AbstractHandlerMethodMapping.java:543] [] [] [] [><[Mapped "{[/v2/persons/{id}],methods=[DELETE]}" onto public void com.demoapi.example.controllers.PersonController.deletePerson(int)]><] []
[2019-12-28 14:48:59,643] [INFO] [] [] [] [] [] [] [] [] [] [] [] [] [o.s.w.s.m.m.a.RequestMappingHandlerMapping] [AbstractHandlerMethodMapping.java:543] [] [] [] [><[Mapped "{[/v2/persons/],methods=[GET],produces=[application/json]}" onto public java.util.List<com.demoapi.example.domain.Person> com.demoapi.example.controllers.PersonController.getAllPersons()]><] []
[2019-12-28 14:48:59,644] [INFO] [] [] [] [] [] [] [] [] [] [] [] [] [o.s.w.s.m.m.a.RequestMappingHandlerMapping] [AbstractHandlerMethodMapping.java:543] [] [] [] [><[Mapped "{[/v2/persons/],methods=[POST],produces=[application/json]}" onto public com.demoapi.example.domain.Person com.demoapi.example.controllers.PersonController.createPerson(com.demoapi.example.domain.Person)]><] []
[2019-12-28 14:48:59,644] [INFO] [] [] [] [] [] [] [] [] [] [] [] [] [o.s.w.s.m.m.a.RequestMappingHandlerMapping] [AbstractHandlerMethodMapping.java:543] [] [] [] [><[Mapped "{[/v2/persons/{id}],methods=[GET],produces=[application/json]}" onto public com.demoapi.example.domain.Person com.demoapi.example.controllers.PersonController.getPersonById(int)]><] []
[2019-12-28 14:48:59,652] [INFO] [] [] [] [] [] [] [] [] [] [] [] [] [o.s.w.s.m.m.a.RequestMappingHandlerMapping] [AbstractHandlerMethodMapping.java:543] [] [] [] [><[Mapped "{[/swagger-resources/configuration/ui]}" onto public org.springframework.http.ResponseEntity<springfox.documentation.swagger.web.UiConfiguration> springfox.documentation.swagger.web.ApiResourceController.uiConfiguration()]><] []
[2019-12-28 14:48:59,653] [INFO] [] [] [] [] [] [] [] [] [] [] [] [] [o.s.w.s.m.m.a.RequestMappingHandlerMapping] [AbstractHandlerMethodMapping.java:543] [] [] [] [><[Mapped "{[/swagger-resources]}" onto public org.springframework.http.ResponseEntity<java.util.List<springfox.documentation.swagger.web.SwaggerResource>> springfox.documentation.swagger.web.ApiResourceController.swaggerResources()]><] []
[2019-12-28 14:48:59,654] [INFO] [] [] [] [] [] [] [] [] [] [] [] [] [o.s.w.s.m.m.a.RequestMappingHandlerMapping] [AbstractHandlerMethodMapping.java:543] [] [] [] [><[Mapped "{[/swagger-resources/configuration/security]}" onto public org.springframework.http.ResponseEntity<springfox.documentation.swagger.web.SecurityConfiguration> springfox.documentation.swagger.web.ApiResourceController.securityConfiguration()]><] []
[2019-12-28 14:48:59,659] [INFO] [] [] [] [] [] [] [] [] [] [] [] [] [o.s.w.s.m.m.a.RequestMappingHandlerMapping] [AbstractHandlerMethodMapping.java:543] [] [] [] [><[Mapped "{[/error]}" onto public org.springframework.http.ResponseEntity<java.util.Map<java.lang.String, java.lang.Object>> org.springframework.boot.autoconfigure.web.BasicErrorController.error(javax.servlet.http.HttpServletRequest)]><] []
[2019-12-28 14:48:59,660] [INFO] [] [] [] [] [] [] [] [] [] [] [] [] [o.s.w.s.m.m.a.RequestMappingHandlerMapping] [AbstractHandlerMethodMapping.java:543] [] [] [] [><[Mapped "{[/error],produces=[text/html]}" onto public org.springframework.web.servlet.ModelAndView org.springframework.boot.autoconfigure.web.BasicErrorController.errorHtml(javax.servlet.http.HttpServletRequest,javax.servlet.http.HttpServletResponse)]><] []
[2019-12-28 14:48:59,803] [INFO] [] [] [] [] [] [] [] [] [] [] [] [] [s.d.s.w.PropertySourcedRequestMappingHandlerMapping] [PropertySourcedRequestMappingHandlerMapping.java:69] [] [] [] [><[Mapped URL path [/v2/api-docs] onto method [public org.springframework.http.ResponseEntity<springfox.documentation.spring.web.json.Json> springfox.documentation.swagger2.web.Swagger2Controller.getDocumentation(java.lang.String,javax.servlet.http.HttpServletRequest)]]><] []
[2019-12-28 14:49:00,080] [INFO] [] [] [] [] [] [] [] [] [] [] [] [] [o.s.w.s.m.m.a.RequestMappingHandlerAdapter] [RequestMappingHandlerAdapter.java:534] [] [] [] [><[Looking for @ControllerAdvice: org.springframework.boot.context.embedded.AnnotationConfigEmbeddedWebApplicationContext@436813f3: startup date [Sat Dec 28 14:48:56 EET 2019]; root of context hierarchy]><] []
[2019-12-28 14:49:00,140] [INFO] [] [] [] [] [] [] [] [] [] [] [] [] [o.s.w.s.h.SimpleUrlHandlerMapping] [AbstractUrlHandlerMapping.java:362] [] [] [] [><[Mapped URL path [/webjars/**] onto handler of type [class org.springframework.web.servlet.resource.ResourceHttpRequestHandler]]><] []
[2019-12-28 14:49:00,140] [INFO] [] [] [] [] [] [] [] [] [] [] [] [] [o.s.w.s.h.SimpleUrlHandlerMapping] [AbstractUrlHandlerMapping.java:362] [] [] [] [><[Mapped URL path [/**] onto handler of type [class org.springframework.web.servlet.resource.ResourceHttpRequestHandler]]><] []
[2019-12-28 14:49:00,172] [INFO] [] [] [] [] [] [] [] [] [] [] [] [] [o.s.w.s.h.SimpleUrlHandlerMapping] [AbstractUrlHandlerMapping.java:362] [] [] [] [><[Mapped URL path [/**/favicon.ico] onto handler of type [class org.springframework.web.servlet.resource.ResourceHttpRequestHandler]]><] []
[2019-12-28 14:49:00,349] [INFO] [] [] [] [] [] [] [] [] [] [] [] [] [o.s.j.e.a.AnnotationMBeanExporter] [MBeanExporter.java:431] [] [] [] [><[Registering beans for JMX exposure on startup]><] []
[2019-12-28 14:49:00,357] [INFO] [] [] [] [] [] [] [] [] [] [] [] [] [o.s.c.s.DefaultLifecycleProcessor] [DefaultLifecycleProcessor.java:343] [] [] [] [><[Starting beans in phase 2147483647]><] []
[2019-12-28 14:49:00,358] [INFO] [] [] [] [] [] [] [] [] [] [] [] [] [s.d.s.w.p.DocumentationPluginsBootstrapper] [DocumentationPluginsBootstrapper.java:160] [] [] [] [><[Context refreshed]><] []
[2019-12-28 14:49:00,384] [INFO] [] [] [] [] [] [] [] [] [] [] [] [] [s.d.s.w.p.DocumentationPluginsBootstrapper] [DocumentationPluginsBootstrapper.java:163] [] [] [] [><[Found 1 custom documentation plugin(s)]><] []
[2019-12-28 14:49:00,428] [INFO] [] [] [] [] [] [] [] [] [] [] [] [] [s.d.s.w.s.ApiListingReferenceScanner] [ApiListingReferenceScanner.java:41] [] [] [] [><[Scanning for api listing references]><] []
[2019-12-28 14:49:00,640] [INFO] [] [] [] [] [] [] [] [] [] [] [] [] [o.a.c.h.Http11NioProtocol] [DirectJDKLog.java:180] [] [] [] [><[Initializing ProtocolHandler ["http-nio-8890"]]><] []
[2019-12-28 14:49:00,650] [INFO] [] [] [] [] [] [] [] [] [] [] [] [] [o.a.c.h.Http11NioProtocol] [DirectJDKLog.java:180] [] [] [] [><[Starting ProtocolHandler ["http-nio-8890"]]><] []
[2019-12-28 14:49:00,666] [INFO] [] [] [] [] [] [] [] [] [] [] [] [] [o.a.t.u.n.NioSelectorPool] [DirectJDKLog.java:180] [] [] [] [><[Using a shared selector for servlet write/read]><] []
[2019-12-28 14:49:00,686] [INFO] [] [] [] [] [] [] [] [] [] [] [] [] [o.s.b.c.e.t.TomcatEmbeddedServletContainer] [TomcatEmbeddedServletContainer.java:201] [] [] [] [><[Tomcat started on port(s): 8890 (http)]><] []
[2019-12-28 14:49:00,691] [INFO] [] [] [] [] [] [] [] [] [] [] [] [] [c.d.e.SpringDemoAPIExampleApplication] [StartupInfoLogger.java:57] [] [] [] [><[Started SpringDemoAPIExampleApplication in 4.311 seconds (JVM running for 4.726)]><] []
[2019-12-28 14:49:44,024] [INFO] [] [] [] [] [] [] [] [] [] [] [] [] [o.a.c.c.C.[.[.[/]] [DirectJDKLog.java:180] [] [] [] [><[Initializing Spring FrameworkServlet 'dispatcherServlet']><] []
[2019-12-28 14:49:44,024] [INFO] [] [] [] [] [] [] [] [] [] [] [] [] [o.s.w.s.DispatcherServlet] [FrameworkServlet.java:489] [] [] [] [><[FrameworkServlet 'dispatcherServlet': initialization started]><] []
[2019-12-28 14:49:44,041] [INFO] [] [] [] [] [] [] [] [] [] [] [] [] [o.s.w.s.DispatcherServlet] [FrameworkServlet.java:508] [] [] [] [><[FrameworkServlet 'dispatcherServlet': initialization completed in 17 ms]><] []
[2019-12-28 14:49:44,471] [WARN] [] [] [] [] [] [] [] [] [] [] [] [] [i.s.m.p.AbstractSerializableParameter] [AbstractSerializableParameter.java:421] [] [] [] [><[Illegal DefaultValue null for parameter type integer]><] [java.lang.NumberFormatException: For input string: ""
	at java.lang.NumberFormatException.forInputString(NumberFormatException.java:65)
	at java.lang.Long.parseLong(Long.java:601)
	at java.lang.Long.valueOf(Long.java:803)
	at io.swagger.models.parameters.AbstractSerializableParameter.getExample(AbstractSerializableParameter.java:412)
	at sun.reflect.NativeMethodAccessorImpl.invoke0(Native Method)
	at sun.reflect.NativeMethodAccessorImpl.invoke(NativeMethodAccessorImpl.java:62)
	at sun.reflect.DelegatingMethodAccessorImpl.invoke(DelegatingMethodAccessorImpl.java:43)
	at java.lang.reflect.Method.invoke(Method.java:498)
	at com.fasterxml.jackson.databind.ser.BeanPropertyWriter.serializeAsField(BeanPropertyWriter.java:664)
	at com.fasterxml.jackson.databind.ser.std.BeanSerializerBase.serializeFields(BeanSerializerBase.java:689)
	at com.fasterxml.jackson.databind.ser.BeanSerializer.serialize(BeanSerializer.java:155)
	at com.fasterxml.jackson.databind.ser.impl.IndexedListSerializer.serializeContents(IndexedListSerializer.java:119)
	at com.fasterxml.jackson.databind.ser.impl.IndexedListSerializer.serialize(IndexedListSerializer.java:79)
	at com.fasterxml.jackson.databind.ser.impl.IndexedListSerializer.serialize(IndexedListSerializer.java:18)
	at com.fasterxml.jackson.databind.ser.BeanPropertyWriter.serializeAsField(BeanPropertyWriter.java:704)
	at com.fasterxml.jackson.databind.ser.std.BeanSerializerBase.serializeFields(BeanSerializerBase.java:689)
	at com.fasterxml.jackson.databind.ser.BeanSerializer.serialize(BeanSerializer.java:155)
	at com.fasterxml.jackson.databind.ser.BeanPropertyWriter.serializeAsField(BeanPropertyWriter.java:704)
	at com.fasterxml.jackson.databind.ser.std.BeanSerializerBase.serializeFields(BeanSerializerBase.java:689)
	at com.fasterxml.jackson.databind.ser.BeanSerializer.serialize(BeanSerializer.java:155)
	at com.fasterxml.jackson.databind.ser.std.MapSerializer.serializeFields(MapSerializer.java:633)
	at com.fasterxml.jackson.databind.ser.std.MapSerializer.serialize(MapSerializer.java:536)
	at com.fasterxml.jackson.databind.ser.std.MapSerializer.serialize(MapSerializer.java:30)
	at com.fasterxml.jackson.databind.ser.BeanPropertyWriter.serializeAsField(BeanPropertyWriter.java:704)
	at com.fasterxml.jackson.databind.ser.std.BeanSerializerBase.serializeFields(BeanSerializerBase.java:689)
	at com.fasterxml.jackson.databind.ser.BeanSerializer.serialize(BeanSerializer.java:155)
	at com.fasterxml.jackson.databind.ser.DefaultSerializerProvider.serializeValue(DefaultSerializerProvider.java:292)
	at com.fasterxml.jackson.databind.ObjectMapper._configAndWriteValue(ObjectMapper.java:3697)
	at com.fasterxml.jackson.databind.ObjectMapper.writeValueAsString(ObjectMapper.java:3073)
	at springfox.documentation.spring.web.json.JsonSerializer.toJson(JsonSerializer.java:38)
	at springfox.documentation.swagger2.web.Swagger2Controller.getDocumentation(Swagger2Controller.java:105)
	at sun.reflect.NativeMethodAccessorImpl.invoke0(Native Method)
	at sun.reflect.NativeMethodAccessorImpl.invoke(NativeMethodAccessorImpl.java:62)
	at sun.reflect.DelegatingMethodAccessorImpl.invoke(DelegatingMethodAccessorImpl.java:43)
	at java.lang.reflect.Method.invoke(Method.java:498)
	at org.springframework.web.method.support.InvocableHandlerMethod.doInvoke(InvocableHandlerMethod.java:205)
	at org.springframework.web.method.support.InvocableHandlerMethod.invokeForRequest(InvocableHandlerMethod.java:133)
	at org.springframework.web.servlet.mvc.method.annotation.ServletInvocableHandlerMethod.invokeAndHandle(ServletInvocableHandlerMethod.java:97)
	at org.springframework.web.servlet.mvc.method.annotation.RequestMappingHandlerAdapter.invokeHandlerMethod(RequestMappingHandlerAdapter.java:827)
	at org.springframework.web.servlet.mvc.method.annotation.RequestMappingHandlerAdapter.handleInternal(RequestMappingHandlerAdapter.java:738)
	at org.springframework.web.servlet.mvc.method.AbstractHandlerMethodAdapter.handle(AbstractHandlerMethodAdapter.java:85)
	at org.springframework.web.servlet.DispatcherServlet.doDispatch(DispatcherServlet.java:967)
	at org.springframework.web.servlet.DispatcherServlet.doService(DispatcherServlet.java:901)
	at org.springframework.web.servlet.FrameworkServlet.processRequest(FrameworkServlet.java:970)
	at org.springframework.web.servlet.FrameworkServlet.doGet(FrameworkServlet.java:861)
	at javax.servlet.http.HttpServlet.service(HttpServlet.java:635)
	at org.springframework.web.servlet.FrameworkServlet.service(FrameworkServlet.java:846)
	at javax.servlet.http.HttpServlet.service(HttpServlet.java:742)
	at org.apache.catalina.core.ApplicationFilterChain.internalDoFilter(ApplicationFilterChain.java:231)
	at org.apache.catalina.core.ApplicationFilterChain.doFilter(ApplicationFilterChain.java:166)
	at org.apache.tomcat.websocket.server.WsFilter.doFilter(WsFilter.java:52)
	at org.apache.catalina.core.ApplicationFilterChain.internalDoFilter(ApplicationFilterChain.java:193)
	at org.apache.catalina.core.ApplicationFilterChain.doFilter(ApplicationFilterChain.java:166)
	at org.springframework.web.filter.RequestContextFilter.doFilterInternal(RequestContextFilter.java:99)
	at org.springframework.web.filter.OncePerRequestFilter.doFilter(OncePerRequestFilter.java:107)
	at org.apache.catalina.core.ApplicationFilterChain.internalDoFilter(ApplicationFilterChain.java:193)
	at org.apache.catalina.core.ApplicationFilterChain.doFilter(ApplicationFilterChain.java:166)
	at org.springframework.web.filter.HttpPutFormContentFilter.doFilterInternal(HttpPutFormContentFilter.java:108)
	at org.springframework.web.filter.OncePerRequestFilter.doFilter(OncePerRequestFilter.java:107)
	at org.apache.catalina.core.ApplicationFilterChain.internalDoFilter(ApplicationFilterChain.java:193)
	at org.apache.catalina.core.ApplicationFilterChain.doFilter(ApplicationFilterChain.java:166)
	at org.springframework.web.filter.HiddenHttpMethodFilter.doFilterInternal(HiddenHttpMethodFilter.java:81)
	at org.springframework.web.filter.OncePerRequestFilter.doFilter(OncePerRequestFilter.java:107)
	at org.apache.catalina.core.ApplicationFilterChain.internalDoFilter(ApplicationFilterChain.java:193)
	at org.apache.catalina.core.ApplicationFilterChain.doFilter(ApplicationFilterChain.java:166)
	at org.springframework.web.filter.CharacterEncodingFilter.doFilterInternal(CharacterEncodingFilter.java:197)
	at org.springframework.web.filter.OncePerRequestFilter.doFilter(OncePerRequestFilter.java:107)
	at org.apache.catalina.core.ApplicationFilterChain.internalDoFilter(ApplicationFilterChain.java:193)
	at org.apache.catalina.core.ApplicationFilterChain.doFilter(ApplicationFilterChain.java:166)
	at org.apache.catalina.core.StandardWrapperValve.invoke(StandardWrapperValve.java:199)
	at org.apache.catalina.core.StandardContextValve.invoke(StandardContextValve.java:96)
	at org.apache.catalina.authenticator.AuthenticatorBase.invoke(AuthenticatorBase.java:504)
	at org.apache.catalina.core.StandardHostValve.invoke(StandardHostValve.java:140)
	at org.apache.catalina.valves.ErrorReportValve.invoke(ErrorReportValve.java:81)
	at org.apache.catalina.core.StandardEngineValve.invoke(StandardEngineValve.java:87)
	at org.apache.catalina.connector.CoyoteAdapter.service(CoyoteAdapter.java:342)
	at org.apache.coyote.http11.Http11Processor.service(Http11Processor.java:803)
	at org.apache.coyote.AbstractProcessorLight.process(AbstractProcessorLight.java:66)
	at org.apache.coyote.AbstractProtocol$ConnectionHandler.process(AbstractProtocol.java:790)
	at org.apache.tomcat.util.net.NioEndpoint$SocketProcessor.doRun(NioEndpoint.java:1459)
	at org.apache.tomcat.util.net.SocketProcessorBase.run(SocketProcessorBase.java:49)
	at java.util.concurrent.ThreadPoolExecutor.runWorker(ThreadPoolExecutor.java:1149)
	at java.util.concurrent.ThreadPoolExecutor$Worker.run(ThreadPoolExecutor.java:624)
	at org.apache.tomcat.util.threads.TaskThread$WrappingRunnable.run(TaskThread.java:61)
	at java.lang.Thread.run(Thread.java:748)
]
[2019-12-28 14:49:44,472] [WARN] [] [] [] [] [] [] [] [] [] [] [] [] [i.s.m.p.AbstractSerializableParameter] [AbstractSerializableParameter.java:421] [] [] [] [><[Illegal DefaultValue null for parameter type integer]><] [java.lang.NumberFormatException: For input string: ""
	at java.lang.NumberFormatException.forInputString(NumberFormatException.java:65)
	at java.lang.Long.parseLong(Long.java:601)
	at java.lang.Long.valueOf(Long.java:803)
	at io.swagger.models.parameters.AbstractSerializableParameter.getExample(AbstractSerializableParameter.java:412)
	at sun.reflect.NativeMethodAccessorImpl.invoke0(Native Method)
	at sun.reflect.NativeMethodAccessorImpl.invoke(NativeMethodAccessorImpl.java:62)
	at sun.reflect.DelegatingMethodAccessorImpl.invoke(DelegatingMethodAccessorImpl.java:43)
	at java.lang.reflect.Method.invoke(Method.java:498)
	at com.fasterxml.jackson.databind.ser.BeanPropertyWriter.serializeAsField(BeanPropertyWriter.java:664)
	at com.fasterxml.jackson.databind.ser.std.BeanSerializerBase.serializeFields(BeanSerializerBase.java:689)
	at com.fasterxml.jackson.databind.ser.BeanSerializer.serialize(BeanSerializer.java:155)
	at com.fasterxml.jackson.databind.ser.impl.IndexedListSerializer.serializeContents(IndexedListSerializer.java:119)
	at com.fasterxml.jackson.databind.ser.impl.IndexedListSerializer.serialize(IndexedListSerializer.java:79)
	at com.fasterxml.jackson.databind.ser.impl.IndexedListSerializer.serialize(IndexedListSerializer.java:18)
	at com.fasterxml.jackson.databind.ser.BeanPropertyWriter.serializeAsField(BeanPropertyWriter.java:704)
	at com.fasterxml.jackson.databind.ser.std.BeanSerializerBase.serializeFields(BeanSerializerBase.java:689)
	at com.fasterxml.jackson.databind.ser.BeanSerializer.serialize(BeanSerializer.java:155)
	at com.fasterxml.jackson.databind.ser.BeanPropertyWriter.serializeAsField(BeanPropertyWriter.java:704)
	at com.fasterxml.jackson.databind.ser.std.BeanSerializerBase.serializeFields(BeanSerializerBase.java:689)
	at com.fasterxml.jackson.databind.ser.BeanSerializer.serialize(BeanSerializer.java:155)
	at com.fasterxml.jackson.databind.ser.std.MapSerializer.serializeFields(MapSerializer.java:633)
	at com.fasterxml.jackson.databind.ser.std.MapSerializer.serialize(MapSerializer.java:536)
	at com.fasterxml.jackson.databind.ser.std.MapSerializer.serialize(MapSerializer.java:30)
	at com.fasterxml.jackson.databind.ser.BeanPropertyWriter.serializeAsField(BeanPropertyWriter.java:704)
	at com.fasterxml.jackson.databind.ser.std.BeanSerializerBase.serializeFields(BeanSerializerBase.java:689)
	at com.fasterxml.jackson.databind.ser.BeanSerializer.serialize(BeanSerializer.java:155)
	at com.fasterxml.jackson.databind.ser.DefaultSerializerProvider.serializeValue(DefaultSerializerProvider.java:292)
	at com.fasterxml.jackson.databind.ObjectMapper._configAndWriteValue(ObjectMapper.java:3697)
	at com.fasterxml.jackson.databind.ObjectMapper.writeValueAsString(ObjectMapper.java:3073)
	at springfox.documentation.spring.web.json.JsonSerializer.toJson(JsonSerializer.java:38)
	at springfox.documentation.swagger2.web.Swagger2Controller.getDocumentation(Swagger2Controller.java:105)
	at sun.reflect.NativeMethodAccessorImpl.invoke0(Native Method)
	at sun.reflect.NativeMethodAccessorImpl.invoke(NativeMethodAccessorImpl.java:62)
	at sun.reflect.DelegatingMethodAccessorImpl.invoke(DelegatingMethodAccessorImpl.java:43)
	at java.lang.reflect.Method.invoke(Method.java:498)
	at org.springframework.web.method.support.InvocableHandlerMethod.doInvoke(InvocableHandlerMethod.java:205)
	at org.springframework.web.method.support.InvocableHandlerMethod.invokeForRequest(InvocableHandlerMethod.java:133)
	at org.springframework.web.servlet.mvc.method.annotation.ServletInvocableHandlerMethod.invokeAndHandle(ServletInvocableHandlerMethod.java:97)
	at org.springframework.web.servlet.mvc.method.annotation.RequestMappingHandlerAdapter.invokeHandlerMethod(RequestMappingHandlerAdapter.java:827)
	at org.springframework.web.servlet.mvc.method.annotation.RequestMappingHandlerAdapter.handleInternal(RequestMappingHandlerAdapter.java:738)
	at org.springframework.web.servlet.mvc.method.AbstractHandlerMethodAdapter.handle(AbstractHandlerMethodAdapter.java:85)
	at org.springframework.web.servlet.DispatcherServlet.doDispatch(DispatcherServlet.java:967)
	at org.springframework.web.servlet.DispatcherServlet.doService(DispatcherServlet.java:901)
	at org.springframework.web.servlet.FrameworkServlet.processRequest(FrameworkServlet.java:970)
	at org.springframework.web.servlet.FrameworkServlet.doGet(FrameworkServlet.java:861)
	at javax.servlet.http.HttpServlet.service(HttpServlet.java:635)
	at org.springframework.web.servlet.FrameworkServlet.service(FrameworkServlet.java:846)
	at javax.servlet.http.HttpServlet.service(HttpServlet.java:742)
	at org.apache.catalina.core.ApplicationFilterChain.internalDoFilter(ApplicationFilterChain.java:231)
	at org.apache.catalina.core.ApplicationFilterChain.doFilter(ApplicationFilterChain.java:166)
	at org.apache.tomcat.websocket.server.WsFilter.doFilter(WsFilter.java:52)
	at org.apache.catalina.core.ApplicationFilterChain.internalDoFilter(ApplicationFilterChain.java:193)
	at org.apache.catalina.core.ApplicationFilterChain.doFilter(ApplicationFilterChain.java:166)
	at org.springframework.web.filter.RequestContextFilter.doFilterInternal(RequestContextFilter.java:99)
	at org.springframework.web.filter.OncePerRequestFilter.doFilter(OncePerRequestFilter.java:107)
	at org.apache.catalina.core.ApplicationFilterChain.internalDoFilter(ApplicationFilterChain.java:193)
	at org.apache.catalina.core.ApplicationFilterChain.doFilter(ApplicationFilterChain.java:166)
	at org.springframework.web.filter.HttpPutFormContentFilter.doFilterInternal(HttpPutFormContentFilter.java:108)
	at org.springframework.web.filter.OncePerRequestFilter.doFilter(OncePerRequestFilter.java:107)
	at org.apache.catalina.core.ApplicationFilterChain.internalDoFilter(ApplicationFilterChain.java:193)
	at org.apache.catalina.core.ApplicationFilterChain.doFilter(ApplicationFilterChain.java:166)
	at org.springframework.web.filter.HiddenHttpMethodFilter.doFilterInternal(HiddenHttpMethodFilter.java:81)
	at org.springframework.web.filter.OncePerRequestFilter.doFilter(OncePerRequestFilter.java:107)
	at org.apache.catalina.core.ApplicationFilterChain.internalDoFilter(ApplicationFilterChain.java:193)
	at org.apache.catalina.core.ApplicationFilterChain.doFilter(ApplicationFilterChain.java:166)
	at org.springframework.web.filter.CharacterEncodingFilter.doFilterInternal(CharacterEncodingFilter.java:197)
	at org.springframework.web.filter.OncePerRequestFilter.doFilter(OncePerRequestFilter.java:107)
	at org.apache.catalina.core.ApplicationFilterChain.internalDoFilter(ApplicationFilterChain.java:193)
	at org.apache.catalina.core.ApplicationFilterChain.doFilter(ApplicationFilterChain.java:166)
	at org.apache.catalina.core.StandardWrapperValve.invoke(StandardWrapperValve.java:199)
	at org.apache.catalina.core.StandardContextValve.invoke(StandardContextValve.java:96)
	at org.apache.catalina.authenticator.AuthenticatorBase.invoke(AuthenticatorBase.java:504)
	at org.apache.catalina.core.StandardHostValve.invoke(StandardHostValve.java:140)
	at org.apache.catalina.valves.ErrorReportValve.invoke(ErrorReportValve.java:81)
	at org.apache.catalina.core.StandardEngineValve.invoke(StandardEngineValve.java:87)
	at org.apache.catalina.connector.CoyoteAdapter.service(CoyoteAdapter.java:342)
	at org.apache.coyote.http11.Http11Processor.service(Http11Processor.java:803)
	at org.apache.coyote.AbstractProcessorLight.process(AbstractProcessorLight.java:66)
	at org.apache.coyote.AbstractProtocol$ConnectionHandler.process(AbstractProtocol.java:790)
	at org.apache.tomcat.util.net.NioEndpoint$SocketProcessor.doRun(NioEndpoint.java:1459)
	at org.apache.tomcat.util.net.SocketProcessorBase.run(SocketProcessorBase.java:49)
	at java.util.concurrent.ThreadPoolExecutor.runWorker(ThreadPoolExecutor.java:1149)
	at java.util.concurrent.ThreadPoolExecutor$Worker.run(ThreadPoolExecutor.java:624)
	at org.apache.tomcat.util.threads.TaskThread$WrappingRunnable.run(TaskThread.java:61)
	at java.lang.Thread.run(Thread.java:748)
]
[2019-12-28 15:29:59,233] [WARN] [] [] [] [] [] [] [] [] [] [] [] [] [i.s.m.p.AbstractSerializableParameter] [AbstractSerializableParameter.java:421] [] [] [] [><[Illegal DefaultValue null for parameter type integer]><] [java.lang.NumberFormatException: For input string: ""
	at java.lang.NumberFormatException.forInputString(NumberFormatException.java:65)
	at java.lang.Long.parseLong(Long.java:601)
	at java.lang.Long.valueOf(Long.java:803)
	at io.swagger.models.parameters.AbstractSerializableParameter.getExample(AbstractSerializableParameter.java:412)
	at sun.reflect.NativeMethodAccessorImpl.invoke0(Native Method)
	at sun.reflect.NativeMethodAccessorImpl.invoke(NativeMethodAccessorImpl.java:62)
	at sun.reflect.DelegatingMethodAccessorImpl.invoke(DelegatingMethodAccessorImpl.java:43)
	at java.lang.reflect.Method.invoke(Method.java:498)
	at com.fasterxml.jackson.databind.ser.BeanPropertyWriter.serializeAsField(BeanPropertyWriter.java:664)
	at com.fasterxml.jackson.databind.ser.std.BeanSerializerBase.serializeFields(BeanSerializerBase.java:689)
	at com.fasterxml.jackson.databind.ser.BeanSerializer.serialize(BeanSerializer.java:155)
	at com.fasterxml.jackson.databind.ser.impl.IndexedListSerializer.serializeContents(IndexedListSerializer.java:119)
	at com.fasterxml.jackson.databind.ser.impl.IndexedListSerializer.serialize(IndexedListSerializer.java:79)
	at com.fasterxml.jackson.databind.ser.impl.IndexedListSerializer.serialize(IndexedListSerializer.java:18)
	at com.fasterxml.jackson.databind.ser.BeanPropertyWriter.serializeAsField(BeanPropertyWriter.java:704)
	at com.fasterxml.jackson.databind.ser.std.BeanSerializerBase.serializeFields(BeanSerializerBase.java:689)
	at com.fasterxml.jackson.databind.ser.BeanSerializer.serialize(BeanSerializer.java:155)
	at com.fasterxml.jackson.databind.ser.BeanPropertyWriter.serializeAsField(BeanPropertyWriter.java:704)
	at com.fasterxml.jackson.databind.ser.std.BeanSerializerBase.serializeFields(BeanSerializerBase.java:689)
	at com.fasterxml.jackson.databind.ser.BeanSerializer.serialize(BeanSerializer.java:155)
	at com.fasterxml.jackson.databind.ser.std.MapSerializer.serializeFields(MapSerializer.java:633)
	at com.fasterxml.jackson.databind.ser.std.MapSerializer.serialize(MapSerializer.java:536)
	at com.fasterxml.jackson.databind.ser.std.MapSerializer.serialize(MapSerializer.java:30)
	at com.fasterxml.jackson.databind.ser.BeanPropertyWriter.serializeAsField(BeanPropertyWriter.java:704)
	at com.fasterxml.jackson.databind.ser.std.BeanSerializerBase.serializeFields(BeanSerializerBase.java:689)
	at com.fasterxml.jackson.databind.ser.BeanSerializer.serialize(BeanSerializer.java:155)
	at com.fasterxml.jackson.databind.ser.DefaultSerializerProvider.serializeValue(DefaultSerializerProvider.java:292)
	at com.fasterxml.jackson.databind.ObjectMapper._configAndWriteValue(ObjectMapper.java:3697)
	at com.fasterxml.jackson.databind.ObjectMapper.writeValueAsString(ObjectMapper.java:3073)
	at springfox.documentation.spring.web.json.JsonSerializer.toJson(JsonSerializer.java:38)
	at springfox.documentation.swagger2.web.Swagger2Controller.getDocumentation(Swagger2Controller.java:105)
	at sun.reflect.NativeMethodAccessorImpl.invoke0(Native Method)
	at sun.reflect.NativeMethodAccessorImpl.invoke(NativeMethodAccessorImpl.java:62)
	at sun.reflect.DelegatingMethodAccessorImpl.invoke(DelegatingMethodAccessorImpl.java:43)
	at java.lang.reflect.Method.invoke(Method.java:498)
	at org.springframework.web.method.support.InvocableHandlerMethod.doInvoke(InvocableHandlerMethod.java:205)
	at org.springframework.web.method.support.InvocableHandlerMethod.invokeForRequest(InvocableHandlerMethod.java:133)
	at org.springframework.web.servlet.mvc.method.annotation.ServletInvocableHandlerMethod.invokeAndHandle(ServletInvocableHandlerMethod.java:97)
	at org.springframework.web.servlet.mvc.method.annotation.RequestMappingHandlerAdapter.invokeHandlerMethod(RequestMappingHandlerAdapter.java:827)
	at org.springframework.web.servlet.mvc.method.annotation.RequestMappingHandlerAdapter.handleInternal(RequestMappingHandlerAdapter.java:738)
	at org.springframework.web.servlet.mvc.method.AbstractHandlerMethodAdapter.handle(AbstractHandlerMethodAdapter.java:85)
	at org.springframework.web.servlet.DispatcherServlet.doDispatch(DispatcherServlet.java:967)
	at org.springframework.web.servlet.DispatcherServlet.doService(DispatcherServlet.java:901)
	at org.springframework.web.servlet.FrameworkServlet.processRequest(FrameworkServlet.java:970)
	at org.springframework.web.servlet.FrameworkServlet.doGet(FrameworkServlet.java:861)
	at javax.servlet.http.HttpServlet.service(HttpServlet.java:635)
	at org.springframework.web.servlet.FrameworkServlet.service(FrameworkServlet.java:846)
	at javax.servlet.http.HttpServlet.service(HttpServlet.java:742)
	at org.apache.catalina.core.ApplicationFilterChain.internalDoFilter(ApplicationFilterChain.java:231)
	at org.apache.catalina.core.ApplicationFilterChain.doFilter(ApplicationFilterChain.java:166)
	at org.apache.tomcat.websocket.server.WsFilter.doFilter(WsFilter.java:52)
	at org.apache.catalina.core.ApplicationFilterChain.internalDoFilter(ApplicationFilterChain.java:193)
	at org.apache.catalina.core.ApplicationFilterChain.doFilter(ApplicationFilterChain.java:166)
	at org.springframework.web.filter.RequestContextFilter.doFilterInternal(RequestContextFilter.java:99)
	at org.springframework.web.filter.OncePerRequestFilter.doFilter(OncePerRequestFilter.java:107)
	at org.apache.catalina.core.ApplicationFilterChain.internalDoFilter(ApplicationFilterChain.java:193)
	at org.apache.catalina.core.ApplicationFilterChain.doFilter(ApplicationFilterChain.java:166)
	at org.springframework.web.filter.HttpPutFormContentFilter.doFilterInternal(HttpPutFormContentFilter.java:108)
	at org.springframework.web.filter.OncePerRequestFilter.doFilter(OncePerRequestFilter.java:107)
	at org.apache.catalina.core.ApplicationFilterChain.internalDoFilter(ApplicationFilterChain.java:193)
	at org.apache.catalina.core.ApplicationFilterChain.doFilter(ApplicationFilterChain.java:166)
	at org.springframework.web.filter.HiddenHttpMethodFilter.doFilterInternal(HiddenHttpMethodFilter.java:81)
	at org.springframework.web.filter.OncePerRequestFilter.doFilter(OncePerRequestFilter.java:107)
	at org.apache.catalina.core.ApplicationFilterChain.internalDoFilter(ApplicationFilterChain.java:193)
	at org.apache.catalina.core.ApplicationFilterChain.doFilter(ApplicationFilterChain.java:166)
	at org.springframework.web.filter.CharacterEncodingFilter.doFilterInternal(CharacterEncodingFilter.java:197)
	at org.springframework.web.filter.OncePerRequestFilter.doFilter(OncePerRequestFilter.java:107)
	at org.apache.catalina.core.ApplicationFilterChain.internalDoFilter(ApplicationFilterChain.java:193)
	at org.apache.catalina.core.ApplicationFilterChain.doFilter(ApplicationFilterChain.java:166)
	at org.apache.catalina.core.StandardWrapperValve.invoke(StandardWrapperValve.java:199)
	at org.apache.catalina.core.StandardContextValve.invoke(StandardContextValve.java:96)
	at org.apache.catalina.authenticator.AuthenticatorBase.invoke(AuthenticatorBase.java:504)
	at org.apache.catalina.core.StandardHostValve.invoke(StandardHostValve.java:140)
	at org.apache.catalina.valves.ErrorReportValve.invoke(ErrorReportValve.java:81)
	at org.apache.catalina.core.StandardEngineValve.invoke(StandardEngineValve.java:87)
	at org.apache.catalina.connector.CoyoteAdapter.service(CoyoteAdapter.java:342)
	at org.apache.coyote.http11.Http11Processor.service(Http11Processor.java:803)
	at org.apache.coyote.AbstractProcessorLight.process(AbstractProcessorLight.java:66)
	at org.apache.coyote.AbstractProtocol$ConnectionHandler.process(AbstractProtocol.java:790)
	at org.apache.tomcat.util.net.NioEndpoint$SocketProcessor.doRun(NioEndpoint.java:1459)
	at org.apache.tomcat.util.net.SocketProcessorBase.run(SocketProcessorBase.java:49)
	at java.util.concurrent.ThreadPoolExecutor.runWorker(ThreadPoolExecutor.java:1149)
	at java.util.concurrent.ThreadPoolExecutor$Worker.run(ThreadPoolExecutor.java:624)
	at org.apache.tomcat.util.threads.TaskThread$WrappingRunnable.run(TaskThread.java:61)
	at java.lang.Thread.run(Thread.java:748)
]
[2019-12-28 15:29:59,234] [WARN] [] [] [] [] [] [] [] [] [] [] [] [] [i.s.m.p.AbstractSerializableParameter] [AbstractSerializableParameter.java:421] [] [] [] [><[Illegal DefaultValue null for parameter type integer]><] [java.lang.NumberFormatException: For input string: ""
	at java.lang.NumberFormatException.forInputString(NumberFormatException.java:65)
	at java.lang.Long.parseLong(Long.java:601)
	at java.lang.Long.valueOf(Long.java:803)
	at io.swagger.models.parameters.AbstractSerializableParameter.getExample(AbstractSerializableParameter.java:412)
	at sun.reflect.NativeMethodAccessorImpl.invoke0(Native Method)
	at sun.reflect.NativeMethodAccessorImpl.invoke(NativeMethodAccessorImpl.java:62)
	at sun.reflect.DelegatingMethodAccessorImpl.invoke(DelegatingMethodAccessorImpl.java:43)
	at java.lang.reflect.Method.invoke(Method.java:498)
	at com.fasterxml.jackson.databind.ser.BeanPropertyWriter.serializeAsField(BeanPropertyWriter.java:664)
	at com.fasterxml.jackson.databind.ser.std.BeanSerializerBase.serializeFields(BeanSerializerBase.java:689)
	at com.fasterxml.jackson.databind.ser.BeanSerializer.serialize(BeanSerializer.java:155)
	at com.fasterxml.jackson.databind.ser.impl.IndexedListSerializer.serializeContents(IndexedListSerializer.java:119)
	at com.fasterxml.jackson.databind.ser.impl.IndexedListSerializer.serialize(IndexedListSerializer.java:79)
	at com.fasterxml.jackson.databind.ser.impl.IndexedListSerializer.serialize(IndexedListSerializer.java:18)
	at com.fasterxml.jackson.databind.ser.BeanPropertyWriter.serializeAsField(BeanPropertyWriter.java:704)
	at com.fasterxml.jackson.databind.ser.std.BeanSerializerBase.serializeFields(BeanSerializerBase.java:689)
	at com.fasterxml.jackson.databind.ser.BeanSerializer.serialize(BeanSerializer.java:155)
	at com.fasterxml.jackson.databind.ser.BeanPropertyWriter.serializeAsField(BeanPropertyWriter.java:704)
	at com.fasterxml.jackson.databind.ser.std.BeanSerializerBase.serializeFields(BeanSerializerBase.java:689)
	at com.fasterxml.jackson.databind.ser.BeanSerializer.serialize(BeanSerializer.java:155)
	at com.fasterxml.jackson.databind.ser.std.MapSerializer.serializeFields(MapSerializer.java:633)
	at com.fasterxml.jackson.databind.ser.std.MapSerializer.serialize(MapSerializer.java:536)
	at com.fasterxml.jackson.databind.ser.std.MapSerializer.serialize(MapSerializer.java:30)
	at com.fasterxml.jackson.databind.ser.BeanPropertyWriter.serializeAsField(BeanPropertyWriter.java:704)
	at com.fasterxml.jackson.databind.ser.std.BeanSerializerBase.serializeFields(BeanSerializerBase.java:689)
	at com.fasterxml.jackson.databind.ser.BeanSerializer.serialize(BeanSerializer.java:155)
	at com.fasterxml.jackson.databind.ser.DefaultSerializerProvider.serializeValue(DefaultSerializerProvider.java:292)
	at com.fasterxml.jackson.databind.ObjectMapper._configAndWriteValue(ObjectMapper.java:3697)
	at com.fasterxml.jackson.databind.ObjectMapper.writeValueAsString(ObjectMapper.java:3073)
	at springfox.documentation.spring.web.json.JsonSerializer.toJson(JsonSerializer.java:38)
	at springfox.documentation.swagger2.web.Swagger2Controller.getDocumentation(Swagger2Controller.java:105)
	at sun.reflect.NativeMethodAccessorImpl.invoke0(Native Method)
	at sun.reflect.NativeMethodAccessorImpl.invoke(NativeMethodAccessorImpl.java:62)
	at sun.reflect.DelegatingMethodAccessorImpl.invoke(DelegatingMethodAccessorImpl.java:43)
	at java.lang.reflect.Method.invoke(Method.java:498)
	at org.springframework.web.method.support.InvocableHandlerMethod.doInvoke(InvocableHandlerMethod.java:205)
	at org.springframework.web.method.support.InvocableHandlerMethod.invokeForRequest(InvocableHandlerMethod.java:133)
	at org.springframework.web.servlet.mvc.method.annotation.ServletInvocableHandlerMethod.invokeAndHandle(ServletInvocableHandlerMethod.java:97)
	at org.springframework.web.servlet.mvc.method.annotation.RequestMappingHandlerAdapter.invokeHandlerMethod(RequestMappingHandlerAdapter.java:827)
	at org.springframework.web.servlet.mvc.method.annotation.RequestMappingHandlerAdapter.handleInternal(RequestMappingHandlerAdapter.java:738)
	at org.springframework.web.servlet.mvc.method.AbstractHandlerMethodAdapter.handle(AbstractHandlerMethodAdapter.java:85)
	at org.springframework.web.servlet.DispatcherServlet.doDispatch(DispatcherServlet.java:967)
	at org.springframework.web.servlet.DispatcherServlet.doService(DispatcherServlet.java:901)
	at org.springframework.web.servlet.FrameworkServlet.processRequest(FrameworkServlet.java:970)
	at org.springframework.web.servlet.FrameworkServlet.doGet(FrameworkServlet.java:861)
	at javax.servlet.http.HttpServlet.service(HttpServlet.java:635)
	at org.springframework.web.servlet.FrameworkServlet.service(FrameworkServlet.java:846)
	at javax.servlet.http.HttpServlet.service(HttpServlet.java:742)
	at org.apache.catalina.core.ApplicationFilterChain.internalDoFilter(ApplicationFilterChain.java:231)
	at org.apache.catalina.core.ApplicationFilterChain.doFilter(ApplicationFilterChain.java:166)
	at org.apache.tomcat.websocket.server.WsFilter.doFilter(WsFilter.java:52)
	at org.apache.catalina.core.ApplicationFilterChain.internalDoFilter(ApplicationFilterChain.java:193)
	at org.apache.catalina.core.ApplicationFilterChain.doFilter(ApplicationFilterChain.java:166)
	at org.springframework.web.filter.RequestContextFilter.doFilterInternal(RequestContextFilter.java:99)
	at org.springframework.web.filter.OncePerRequestFilter.doFilter(OncePerRequestFilter.java:107)
	at org.apache.catalina.core.ApplicationFilterChain.internalDoFilter(ApplicationFilterChain.java:193)
	at org.apache.catalina.core.ApplicationFilterChain.doFilter(ApplicationFilterChain.java:166)
	at org.springframework.web.filter.HttpPutFormContentFilter.doFilterInternal(HttpPutFormContentFilter.java:108)
	at org.springframework.web.filter.OncePerRequestFilter.doFilter(OncePerRequestFilter.java:107)
	at org.apache.catalina.core.ApplicationFilterChain.internalDoFilter(ApplicationFilterChain.java:193)
	at org.apache.catalina.core.ApplicationFilterChain.doFilter(ApplicationFilterChain.java:166)
	at org.springframework.web.filter.HiddenHttpMethodFilter.doFilterInternal(HiddenHttpMethodFilter.java:81)
	at org.springframework.web.filter.OncePerRequestFilter.doFilter(OncePerRequestFilter.java:107)
	at org.apache.catalina.core.ApplicationFilterChain.internalDoFilter(ApplicationFilterChain.java:193)
	at org.apache.catalina.core.ApplicationFilterChain.doFilter(ApplicationFilterChain.java:166)
	at org.springframework.web.filter.CharacterEncodingFilter.doFilterInternal(CharacterEncodingFilter.java:197)
	at org.springframework.web.filter.OncePerRequestFilter.doFilter(OncePerRequestFilter.java:107)
	at org.apache.catalina.core.ApplicationFilterChain.internalDoFilter(ApplicationFilterChain.java:193)
	at org.apache.catalina.core.ApplicationFilterChain.doFilter(ApplicationFilterChain.java:166)
	at org.apache.catalina.core.StandardWrapperValve.invoke(StandardWrapperValve.java:199)
	at org.apache.catalina.core.StandardContextValve.invoke(StandardContextValve.java:96)
	at org.apache.catalina.authenticator.AuthenticatorBase.invoke(AuthenticatorBase.java:504)
	at org.apache.catalina.core.StandardHostValve.invoke(StandardHostValve.java:140)
	at org.apache.catalina.valves.ErrorReportValve.invoke(ErrorReportValve.java:81)
	at org.apache.catalina.core.StandardEngineValve.invoke(StandardEngineValve.java:87)
	at org.apache.catalina.connector.CoyoteAdapter.service(CoyoteAdapter.java:342)
	at org.apache.coyote.http11.Http11Processor.service(Http11Processor.java:803)
	at org.apache.coyote.AbstractProcessorLight.process(AbstractProcessorLight.java:66)
	at org.apache.coyote.AbstractProtocol$ConnectionHandler.process(AbstractProtocol.java:790)
	at org.apache.tomcat.util.net.NioEndpoint$SocketProcessor.doRun(NioEndpoint.java:1459)
	at org.apache.tomcat.util.net.SocketProcessorBase.run(SocketProcessorBase.java:49)
	at java.util.concurrent.ThreadPoolExecutor.runWorker(ThreadPoolExecutor.java:1149)
	at java.util.concurrent.ThreadPoolExecutor$Worker.run(ThreadPoolExecutor.java:624)
	at org.apache.tomcat.util.threads.TaskThread$WrappingRunnable.run(TaskThread.java:61)
	at java.lang.Thread.run(Thread.java:748)
]
[2019-12-28 15:55:39,490] [INFO] [] [] [] [] [] [] [] [] [] [] [] [] [c.d.e.SpringDemoAPIExampleApplication] [StartupInfoLogger.java:48] [] [] [] [><[Starting SpringDemoAPIExampleApplication on ROSVC-BUC000078 with PID 16328 (D:\SpringBoot\demoaPI\target\classes started by Ciprian.CIOBOTARU in D:\SpringBoot\demoaPI)]><] []
[2019-12-28 15:55:39,492] [INFO] [] [] [] [] [] [] [] [] [] [] [] [] [c.d.e.SpringDemoAPIExampleApplication] [SpringApplication.java:593] [] [] [] [><[No active profile set, falling back to default profiles: default]><] []
[2019-12-28 15:55:39,531] [INFO] [] [] [] [] [] [] [] [] [] [] [] [] [o.s.b.c.e.AnnotationConfigEmbeddedWebApplicationContext] [AbstractApplicationContext.java:583] [] [] [] [><[Refreshing org.springframework.boot.context.embedded.AnnotationConfigEmbeddedWebApplicationContext@436813f3: startup date [Sat Dec 28 15:55:39 EET 2019]; root of context hierarchy]><] []
[2019-12-28 15:55:39,778] [INFO] [] [] [] [] [] [] [] [] [] [] [] [] [o.h.v.i.u.Version] [Version.java:30] [] [] [] [><[HV000001: Hibernate Validator 5.3.6.Final]><] []
[2019-12-28 15:55:41,349] [INFO] [] [] [] [] [] [] [] [] [] [] [] [] [o.s.b.c.e.t.TomcatEmbeddedServletContainer] [TomcatEmbeddedServletContainer.java:89] [] [] [] [><[Tomcat initialized with port(s): 8890 (http)]><] []
[2019-12-28 15:55:41,358] [INFO] [] [] [] [] [] [] [] [] [] [] [] [] [o.a.c.c.StandardService] [DirectJDKLog.java:180] [] [] [] [><[Starting service [Tomcat]]><] []
[2019-12-28 15:55:41,359] [INFO] [] [] [] [] [] [] [] [] [] [] [] [] [o.a.c.c.StandardEngine] [DirectJDKLog.java:180] [] [] [] [><[Starting Servlet Engine: Apache Tomcat/8.5.27]><] []
[2019-12-28 15:55:41,517] [INFO] [] [] [] [] [] [] [] [] [] [] [] [] [o.a.c.c.C.[.[.[/]] [DirectJDKLog.java:180] [] [] [] [><[Initializing Spring embedded WebApplicationContext]><] []
[2019-12-28 15:55:41,517] [INFO] [] [] [] [] [] [] [] [] [] [] [] [] [o.s.w.c.ContextLoader] [EmbeddedWebApplicationContext.java:276] [] [] [] [><[Root WebApplicationContext: initialization completed in 1986 ms]><] []
[2019-12-28 15:55:41,637] [INFO] [] [] [] [] [] [] [] [] [] [] [] [] [o.s.b.w.s.ServletRegistrationBean] [ServletRegistrationBean.java:190] [] [] [] [><[Mapping servlet: 'dispatcherServlet' to [/]]><] []
[2019-12-28 15:55:41,639] [INFO] [] [] [] [] [] [] [] [] [] [] [] [] [o.s.b.w.s.FilterRegistrationBean] [AbstractFilterRegistrationBean.java:258] [] [] [] [><[Mapping filter: 'characterEncodingFilter' to: [/*]]><] []
[2019-12-28 15:55:41,640] [INFO] [] [] [] [] [] [] [] [] [] [] [] [] [o.s.b.w.s.FilterRegistrationBean] [AbstractFilterRegistrationBean.java:258] [] [] [] [><[Mapping filter: 'hiddenHttpMethodFilter' to: [/*]]><] []
[2019-12-28 15:55:41,640] [INFO] [] [] [] [] [] [] [] [] [] [] [] [] [o.s.b.w.s.FilterRegistrationBean] [AbstractFilterRegistrationBean.java:258] [] [] [] [><[Mapping filter: 'httpPutFormContentFilter' to: [/*]]><] []
[2019-12-28 15:55:41,640] [INFO] [] [] [] [] [] [] [] [] [] [] [] [] [o.s.b.w.s.FilterRegistrationBean] [AbstractFilterRegistrationBean.java:258] [] [] [] [><[Mapping filter: 'requestContextFilter' to: [/*]]><] []
[2019-12-28 15:55:41,938] [INFO] [] [] [] [] [] [] [] [] [] [] [] [] [o.s.w.s.m.m.a.RequestMappingHandlerMapping] [AbstractHandlerMethodMapping.java:543] [] [] [] [><[Mapped "{[/v2/persons/],methods=[GET],produces=[application/json]}" onto public java.util.List<com.demoapi.example.domain.Person> com.demoapi.example.controllers.PersonController.getAllPersons()]><] []
[2019-12-28 15:55:41,939] [INFO] [] [] [] [] [] [] [] [] [] [] [] [] [o.s.w.s.m.m.a.RequestMappingHandlerMapping] [AbstractHandlerMethodMapping.java:543] [] [] [] [><[Mapped "{[/v2/persons/{id}],methods=[GET],produces=[application/json]}" onto public com.demoapi.example.domain.Person com.demoapi.example.controllers.PersonController.getPersonById(int)]><] []
[2019-12-28 15:55:41,939] [INFO] [] [] [] [] [] [] [] [] [] [] [] [] [o.s.w.s.m.m.a.RequestMappingHandlerMapping] [AbstractHandlerMethodMapping.java:543] [] [] [] [><[Mapped "{[/v2/persons/],methods=[POST],produces=[application/json]}" onto public com.demoapi.example.domain.Person com.demoapi.example.controllers.PersonController.createPerson(com.demoapi.example.domain.Person)]><] []
[2019-12-28 15:55:41,940] [INFO] [] [] [] [] [] [] [] [] [] [] [] [] [o.s.w.s.m.m.a.RequestMappingHandlerMapping] [AbstractHandlerMethodMapping.java:543] [] [] [] [><[Mapped "{[/v2/persons/{id}],methods=[DELETE]}" onto public void com.demoapi.example.controllers.PersonController.deletePerson(int)]><] []
[2019-12-28 15:55:41,944] [INFO] [] [] [] [] [] [] [] [] [] [] [] [] [o.s.w.s.m.m.a.RequestMappingHandlerMapping] [AbstractHandlerMethodMapping.java:543] [] [] [] [><[Mapped "{[/swagger-resources]}" onto public org.springframework.http.ResponseEntity<java.util.List<springfox.documentation.swagger.web.SwaggerResource>> springfox.documentation.swagger.web.ApiResourceController.swaggerResources()]><] []
[2019-12-28 15:55:41,944] [INFO] [] [] [] [] [] [] [] [] [] [] [] [] [o.s.w.s.m.m.a.RequestMappingHandlerMapping] [AbstractHandlerMethodMapping.java:543] [] [] [] [><[Mapped "{[/swagger-resources/configuration/ui]}" onto public org.springframework.http.ResponseEntity<springfox.documentation.swagger.web.UiConfiguration> springfox.documentation.swagger.web.ApiResourceController.uiConfiguration()]><] []
[2019-12-28 15:55:41,945] [INFO] [] [] [] [] [] [] [] [] [] [] [] [] [o.s.w.s.m.m.a.RequestMappingHandlerMapping] [AbstractHandlerMethodMapping.java:543] [] [] [] [><[Mapped "{[/swagger-resources/configuration/security]}" onto public org.springframework.http.ResponseEntity<springfox.documentation.swagger.web.SecurityConfiguration> springfox.documentation.swagger.web.ApiResourceController.securityConfiguration()]><] []
[2019-12-28 15:55:41,948] [INFO] [] [] [] [] [] [] [] [] [] [] [] [] [o.s.w.s.m.m.a.RequestMappingHandlerMapping] [AbstractHandlerMethodMapping.java:543] [] [] [] [><[Mapped "{[/error]}" onto public org.springframework.http.ResponseEntity<java.util.Map<java.lang.String, java.lang.Object>> org.springframework.boot.autoconfigure.web.BasicErrorController.error(javax.servlet.http.HttpServletRequest)]><] []
[2019-12-28 15:55:41,948] [INFO] [] [] [] [] [] [] [] [] [] [] [] [] [o.s.w.s.m.m.a.RequestMappingHandlerMapping] [AbstractHandlerMethodMapping.java:543] [] [] [] [><[Mapped "{[/error],produces=[text/html]}" onto public org.springframework.web.servlet.ModelAndView org.springframework.boot.autoconfigure.web.BasicErrorController.errorHtml(javax.servlet.http.HttpServletRequest,javax.servlet.http.HttpServletResponse)]><] []
[2019-12-28 15:55:42,045] [INFO] [] [] [] [] [] [] [] [] [] [] [] [] [s.d.s.w.PropertySourcedRequestMappingHandlerMapping] [PropertySourcedRequestMappingHandlerMapping.java:69] [] [] [] [><[Mapped URL path [/v2/api-docs] onto method [public org.springframework.http.ResponseEntity<springfox.documentation.spring.web.json.Json> springfox.documentation.swagger2.web.Swagger2Controller.getDocumentation(java.lang.String,javax.servlet.http.HttpServletRequest)]]><] []
[2019-12-28 15:55:42,205] [INFO] [] [] [] [] [] [] [] [] [] [] [] [] [o.s.w.s.m.m.a.RequestMappingHandlerAdapter] [RequestMappingHandlerAdapter.java:534] [] [] [] [><[Looking for @ControllerAdvice: org.springframework.boot.context.embedded.AnnotationConfigEmbeddedWebApplicationContext@436813f3: startup date [Sat Dec 28 15:55:39 EET 2019]; root of context hierarchy]><] []
[2019-12-28 15:55:42,243] [INFO] [] [] [] [] [] [] [] [] [] [] [] [] [o.s.w.s.h.SimpleUrlHandlerMapping] [AbstractUrlHandlerMapping.java:362] [] [] [] [><[Mapped URL path [/webjars/**] onto handler of type [class org.springframework.web.servlet.resource.ResourceHttpRequestHandler]]><] []
[2019-12-28 15:55:42,243] [INFO] [] [] [] [] [] [] [] [] [] [] [] [] [o.s.w.s.h.SimpleUrlHandlerMapping] [AbstractUrlHandlerMapping.java:362] [] [] [] [><[Mapped URL path [/**] onto handler of type [class org.springframework.web.servlet.resource.ResourceHttpRequestHandler]]><] []
[2019-12-28 15:55:42,265] [INFO] [] [] [] [] [] [] [] [] [] [] [] [] [o.s.w.s.h.SimpleUrlHandlerMapping] [AbstractUrlHandlerMapping.java:362] [] [] [] [><[Mapped URL path [/**/favicon.ico] onto handler of type [class org.springframework.web.servlet.resource.ResourceHttpRequestHandler]]><] []
[2019-12-28 15:55:42,355] [INFO] [] [] [] [] [] [] [] [] [] [] [] [] [o.s.j.e.a.AnnotationMBeanExporter] [MBeanExporter.java:431] [] [] [] [><[Registering beans for JMX exposure on startup]><] []
[2019-12-28 15:55:42,360] [INFO] [] [] [] [] [] [] [] [] [] [] [] [] [o.s.c.s.DefaultLifecycleProcessor] [DefaultLifecycleProcessor.java:343] [] [] [] [><[Starting beans in phase 2147483647]><] []
[2019-12-28 15:55:42,360] [INFO] [] [] [] [] [] [] [] [] [] [] [] [] [s.d.s.w.p.DocumentationPluginsBootstrapper] [DocumentationPluginsBootstrapper.java:160] [] [] [] [><[Context refreshed]><] []
[2019-12-28 15:55:42,377] [INFO] [] [] [] [] [] [] [] [] [] [] [] [] [s.d.s.w.p.DocumentationPluginsBootstrapper] [DocumentationPluginsBootstrapper.java:163] [] [] [] [><[Found 1 custom documentation plugin(s)]><] []
[2019-12-28 15:55:42,404] [INFO] [] [] [] [] [] [] [] [] [] [] [] [] [s.d.s.w.s.ApiListingReferenceScanner] [ApiListingReferenceScanner.java:41] [] [] [] [><[Scanning for api listing references]><] []
[2019-12-28 15:55:42,540] [INFO] [] [] [] [] [] [] [] [] [] [] [] [] [o.a.c.h.Http11NioProtocol] [DirectJDKLog.java:180] [] [] [] [><[Initializing ProtocolHandler ["http-nio-8890"]]><] []
[2019-12-28 15:55:42,546] [INFO] [] [] [] [] [] [] [] [] [] [] [] [] [o.a.c.h.Http11NioProtocol] [DirectJDKLog.java:180] [] [] [] [><[Starting ProtocolHandler ["http-nio-8890"]]><] []
[2019-12-28 15:55:42,556] [INFO] [] [] [] [] [] [] [] [] [] [] [] [] [o.a.t.u.n.NioSelectorPool] [DirectJDKLog.java:180] [] [] [] [><[Using a shared selector for servlet write/read]><] []
[2019-12-28 15:55:42,571] [INFO] [] [] [] [] [] [] [] [] [] [] [] [] [o.s.b.c.e.t.TomcatEmbeddedServletContainer] [TomcatEmbeddedServletContainer.java:201] [] [] [] [><[Tomcat started on port(s): 8890 (http)]><] []
[2019-12-28 15:55:42,575] [INFO] [] [] [] [] [] [] [] [] [] [] [] [] [c.d.e.SpringDemoAPIExampleApplication] [StartupInfoLogger.java:57] [] [] [] [><[Started SpringDemoAPIExampleApplication in 3.484 seconds (JVM running for 3.968)]><] []
[2019-12-28 15:55:55,850] [INFO] [] [] [] [] [] [] [] [] [] [] [] [] [o.a.c.c.C.[.[.[/]] [DirectJDKLog.java:180] [] [] [] [><[Initializing Spring FrameworkServlet 'dispatcherServlet']><] []
[2019-12-28 15:55:55,850] [INFO] [] [] [] [] [] [] [] [] [] [] [] [] [o.s.w.s.DispatcherServlet] [FrameworkServlet.java:489] [] [] [] [><[FrameworkServlet 'dispatcherServlet': initialization started]><] []
[2019-12-28 15:55:55,870] [INFO] [] [] [] [] [] [] [] [] [] [] [] [] [o.s.w.s.DispatcherServlet] [FrameworkServlet.java:508] [] [] [] [><[FrameworkServlet 'dispatcherServlet': initialization completed in 20 ms]><] []
[2019-12-28 15:55:56,294] [WARN] [] [] [] [] [] [] [] [] [] [] [] [] [i.s.m.p.AbstractSerializableParameter] [AbstractSerializableParameter.java:421] [] [] [] [><[Illegal DefaultValue null for parameter type integer]><] [java.lang.NumberFormatException: For input string: ""
	at java.lang.NumberFormatException.forInputString(NumberFormatException.java:65)
	at java.lang.Long.parseLong(Long.java:601)
	at java.lang.Long.valueOf(Long.java:803)
	at io.swagger.models.parameters.AbstractSerializableParameter.getExample(AbstractSerializableParameter.java:412)
	at sun.reflect.NativeMethodAccessorImpl.invoke0(Native Method)
	at sun.reflect.NativeMethodAccessorImpl.invoke(NativeMethodAccessorImpl.java:62)
	at sun.reflect.DelegatingMethodAccessorImpl.invoke(DelegatingMethodAccessorImpl.java:43)
	at java.lang.reflect.Method.invoke(Method.java:498)
	at com.fasterxml.jackson.databind.ser.BeanPropertyWriter.serializeAsField(BeanPropertyWriter.java:664)
	at com.fasterxml.jackson.databind.ser.std.BeanSerializerBase.serializeFields(BeanSerializerBase.java:689)
	at com.fasterxml.jackson.databind.ser.BeanSerializer.serialize(BeanSerializer.java:155)
	at com.fasterxml.jackson.databind.ser.impl.IndexedListSerializer.serializeContents(IndexedListSerializer.java:119)
	at com.fasterxml.jackson.databind.ser.impl.IndexedListSerializer.serialize(IndexedListSerializer.java:79)
	at com.fasterxml.jackson.databind.ser.impl.IndexedListSerializer.serialize(IndexedListSerializer.java:18)
	at com.fasterxml.jackson.databind.ser.BeanPropertyWriter.serializeAsField(BeanPropertyWriter.java:704)
	at com.fasterxml.jackson.databind.ser.std.BeanSerializerBase.serializeFields(BeanSerializerBase.java:689)
	at com.fasterxml.jackson.databind.ser.BeanSerializer.serialize(BeanSerializer.java:155)
	at com.fasterxml.jackson.databind.ser.BeanPropertyWriter.serializeAsField(BeanPropertyWriter.java:704)
	at com.fasterxml.jackson.databind.ser.std.BeanSerializerBase.serializeFields(BeanSerializerBase.java:689)
	at com.fasterxml.jackson.databind.ser.BeanSerializer.serialize(BeanSerializer.java:155)
	at com.fasterxml.jackson.databind.ser.std.MapSerializer.serializeFields(MapSerializer.java:633)
	at com.fasterxml.jackson.databind.ser.std.MapSerializer.serialize(MapSerializer.java:536)
	at com.fasterxml.jackson.databind.ser.std.MapSerializer.serialize(MapSerializer.java:30)
	at com.fasterxml.jackson.databind.ser.BeanPropertyWriter.serializeAsField(BeanPropertyWriter.java:704)
	at com.fasterxml.jackson.databind.ser.std.BeanSerializerBase.serializeFields(BeanSerializerBase.java:689)
	at com.fasterxml.jackson.databind.ser.BeanSerializer.serialize(BeanSerializer.java:155)
	at com.fasterxml.jackson.databind.ser.DefaultSerializerProvider.serializeValue(DefaultSerializerProvider.java:292)
	at com.fasterxml.jackson.databind.ObjectMapper._configAndWriteValue(ObjectMapper.java:3697)
	at com.fasterxml.jackson.databind.ObjectMapper.writeValueAsString(ObjectMapper.java:3073)
	at springfox.documentation.spring.web.json.JsonSerializer.toJson(JsonSerializer.java:38)
	at springfox.documentation.swagger2.web.Swagger2Controller.getDocumentation(Swagger2Controller.java:105)
	at sun.reflect.NativeMethodAccessorImpl.invoke0(Native Method)
	at sun.reflect.NativeMethodAccessorImpl.invoke(NativeMethodAccessorImpl.java:62)
	at sun.reflect.DelegatingMethodAccessorImpl.invoke(DelegatingMethodAccessorImpl.java:43)
	at java.lang.reflect.Method.invoke(Method.java:498)
	at org.springframework.web.method.support.InvocableHandlerMethod.doInvoke(InvocableHandlerMethod.java:205)
	at org.springframework.web.method.support.InvocableHandlerMethod.invokeForRequest(InvocableHandlerMethod.java:133)
	at org.springframework.web.servlet.mvc.method.annotation.ServletInvocableHandlerMethod.invokeAndHandle(ServletInvocableHandlerMethod.java:97)
	at org.springframework.web.servlet.mvc.method.annotation.RequestMappingHandlerAdapter.invokeHandlerMethod(RequestMappingHandlerAdapter.java:827)
	at org.springframework.web.servlet.mvc.method.annotation.RequestMappingHandlerAdapter.handleInternal(RequestMappingHandlerAdapter.java:738)
	at org.springframework.web.servlet.mvc.method.AbstractHandlerMethodAdapter.handle(AbstractHandlerMethodAdapter.java:85)
	at org.springframework.web.servlet.DispatcherServlet.doDispatch(DispatcherServlet.java:967)
	at org.springframework.web.servlet.DispatcherServlet.doService(DispatcherServlet.java:901)
	at org.springframework.web.servlet.FrameworkServlet.processRequest(FrameworkServlet.java:970)
	at org.springframework.web.servlet.FrameworkServlet.doGet(FrameworkServlet.java:861)
	at javax.servlet.http.HttpServlet.service(HttpServlet.java:635)
	at org.springframework.web.servlet.FrameworkServlet.service(FrameworkServlet.java:846)
	at javax.servlet.http.HttpServlet.service(HttpServlet.java:742)
	at org.apache.catalina.core.ApplicationFilterChain.internalDoFilter(ApplicationFilterChain.java:231)
	at org.apache.catalina.core.ApplicationFilterChain.doFilter(ApplicationFilterChain.java:166)
	at org.apache.tomcat.websocket.server.WsFilter.doFilter(WsFilter.java:52)
	at org.apache.catalina.core.ApplicationFilterChain.internalDoFilter(ApplicationFilterChain.java:193)
	at org.apache.catalina.core.ApplicationFilterChain.doFilter(ApplicationFilterChain.java:166)
	at org.springframework.web.filter.RequestContextFilter.doFilterInternal(RequestContextFilter.java:99)
	at org.springframework.web.filter.OncePerRequestFilter.doFilter(OncePerRequestFilter.java:107)
	at org.apache.catalina.core.ApplicationFilterChain.internalDoFilter(ApplicationFilterChain.java:193)
	at org.apache.catalina.core.ApplicationFilterChain.doFilter(ApplicationFilterChain.java:166)
	at org.springframework.web.filter.HttpPutFormContentFilter.doFilterInternal(HttpPutFormContentFilter.java:108)
	at org.springframework.web.filter.OncePerRequestFilter.doFilter(OncePerRequestFilter.java:107)
	at org.apache.catalina.core.ApplicationFilterChain.internalDoFilter(ApplicationFilterChain.java:193)
	at org.apache.catalina.core.ApplicationFilterChain.doFilter(ApplicationFilterChain.java:166)
	at org.springframework.web.filter.HiddenHttpMethodFilter.doFilterInternal(HiddenHttpMethodFilter.java:81)
	at org.springframework.web.filter.OncePerRequestFilter.doFilter(OncePerRequestFilter.java:107)
	at org.apache.catalina.core.ApplicationFilterChain.internalDoFilter(ApplicationFilterChain.java:193)
	at org.apache.catalina.core.ApplicationFilterChain.doFilter(ApplicationFilterChain.java:166)
	at org.springframework.web.filter.CharacterEncodingFilter.doFilterInternal(CharacterEncodingFilter.java:197)
	at org.springframework.web.filter.OncePerRequestFilter.doFilter(OncePerRequestFilter.java:107)
	at org.apache.catalina.core.ApplicationFilterChain.internalDoFilter(ApplicationFilterChain.java:193)
	at org.apache.catalina.core.ApplicationFilterChain.doFilter(ApplicationFilterChain.java:166)
	at org.apache.catalina.core.StandardWrapperValve.invoke(StandardWrapperValve.java:199)
	at org.apache.catalina.core.StandardContextValve.invoke(StandardContextValve.java:96)
	at org.apache.catalina.authenticator.AuthenticatorBase.invoke(AuthenticatorBase.java:504)
	at org.apache.catalina.core.StandardHostValve.invoke(StandardHostValve.java:140)
	at org.apache.catalina.valves.ErrorReportValve.invoke(ErrorReportValve.java:81)
	at org.apache.catalina.core.StandardEngineValve.invoke(StandardEngineValve.java:87)
	at org.apache.catalina.connector.CoyoteAdapter.service(CoyoteAdapter.java:342)
	at org.apache.coyote.http11.Http11Processor.service(Http11Processor.java:803)
	at org.apache.coyote.AbstractProcessorLight.process(AbstractProcessorLight.java:66)
	at org.apache.coyote.AbstractProtocol$ConnectionHandler.process(AbstractProtocol.java:790)
	at org.apache.tomcat.util.net.NioEndpoint$SocketProcessor.doRun(NioEndpoint.java:1459)
	at org.apache.tomcat.util.net.SocketProcessorBase.run(SocketProcessorBase.java:49)
	at java.util.concurrent.ThreadPoolExecutor.runWorker(ThreadPoolExecutor.java:1149)
	at java.util.concurrent.ThreadPoolExecutor$Worker.run(ThreadPoolExecutor.java:624)
	at org.apache.tomcat.util.threads.TaskThread$WrappingRunnable.run(TaskThread.java:61)
	at java.lang.Thread.run(Thread.java:748)
]
[2019-12-28 15:55:56,295] [WARN] [] [] [] [] [] [] [] [] [] [] [] [] [i.s.m.p.AbstractSerializableParameter] [AbstractSerializableParameter.java:421] [] [] [] [><[Illegal DefaultValue null for parameter type integer]><] [java.lang.NumberFormatException: For input string: ""
	at java.lang.NumberFormatException.forInputString(NumberFormatException.java:65)
	at java.lang.Long.parseLong(Long.java:601)
	at java.lang.Long.valueOf(Long.java:803)
	at io.swagger.models.parameters.AbstractSerializableParameter.getExample(AbstractSerializableParameter.java:412)
	at sun.reflect.NativeMethodAccessorImpl.invoke0(Native Method)
	at sun.reflect.NativeMethodAccessorImpl.invoke(NativeMethodAccessorImpl.java:62)
	at sun.reflect.DelegatingMethodAccessorImpl.invoke(DelegatingMethodAccessorImpl.java:43)
	at java.lang.reflect.Method.invoke(Method.java:498)
	at com.fasterxml.jackson.databind.ser.BeanPropertyWriter.serializeAsField(BeanPropertyWriter.java:664)
	at com.fasterxml.jackson.databind.ser.std.BeanSerializerBase.serializeFields(BeanSerializerBase.java:689)
	at com.fasterxml.jackson.databind.ser.BeanSerializer.serialize(BeanSerializer.java:155)
	at com.fasterxml.jackson.databind.ser.impl.IndexedListSerializer.serializeContents(IndexedListSerializer.java:119)
	at com.fasterxml.jackson.databind.ser.impl.IndexedListSerializer.serialize(IndexedListSerializer.java:79)
	at com.fasterxml.jackson.databind.ser.impl.IndexedListSerializer.serialize(IndexedListSerializer.java:18)
	at com.fasterxml.jackson.databind.ser.BeanPropertyWriter.serializeAsField(BeanPropertyWriter.java:704)
	at com.fasterxml.jackson.databind.ser.std.BeanSerializerBase.serializeFields(BeanSerializerBase.java:689)
	at com.fasterxml.jackson.databind.ser.BeanSerializer.serialize(BeanSerializer.java:155)
	at com.fasterxml.jackson.databind.ser.BeanPropertyWriter.serializeAsField(BeanPropertyWriter.java:704)
	at com.fasterxml.jackson.databind.ser.std.BeanSerializerBase.serializeFields(BeanSerializerBase.java:689)
	at com.fasterxml.jackson.databind.ser.BeanSerializer.serialize(BeanSerializer.java:155)
	at com.fasterxml.jackson.databind.ser.std.MapSerializer.serializeFields(MapSerializer.java:633)
	at com.fasterxml.jackson.databind.ser.std.MapSerializer.serialize(MapSerializer.java:536)
	at com.fasterxml.jackson.databind.ser.std.MapSerializer.serialize(MapSerializer.java:30)
	at com.fasterxml.jackson.databind.ser.BeanPropertyWriter.serializeAsField(BeanPropertyWriter.java:704)
	at com.fasterxml.jackson.databind.ser.std.BeanSerializerBase.serializeFields(BeanSerializerBase.java:689)
	at com.fasterxml.jackson.databind.ser.BeanSerializer.serialize(BeanSerializer.java:155)
	at com.fasterxml.jackson.databind.ser.DefaultSerializerProvider.serializeValue(DefaultSerializerProvider.java:292)
	at com.fasterxml.jackson.databind.ObjectMapper._configAndWriteValue(ObjectMapper.java:3697)
	at com.fasterxml.jackson.databind.ObjectMapper.writeValueAsString(ObjectMapper.java:3073)
	at springfox.documentation.spring.web.json.JsonSerializer.toJson(JsonSerializer.java:38)
	at springfox.documentation.swagger2.web.Swagger2Controller.getDocumentation(Swagger2Controller.java:105)
	at sun.reflect.NativeMethodAccessorImpl.invoke0(Native Method)
	at sun.reflect.NativeMethodAccessorImpl.invoke(NativeMethodAccessorImpl.java:62)
	at sun.reflect.DelegatingMethodAccessorImpl.invoke(DelegatingMethodAccessorImpl.java:43)
	at java.lang.reflect.Method.invoke(Method.java:498)
	at org.springframework.web.method.support.InvocableHandlerMethod.doInvoke(InvocableHandlerMethod.java:205)
	at org.springframework.web.method.support.InvocableHandlerMethod.invokeForRequest(InvocableHandlerMethod.java:133)
	at org.springframework.web.servlet.mvc.method.annotation.ServletInvocableHandlerMethod.invokeAndHandle(ServletInvocableHandlerMethod.java:97)
	at org.springframework.web.servlet.mvc.method.annotation.RequestMappingHandlerAdapter.invokeHandlerMethod(RequestMappingHandlerAdapter.java:827)
	at org.springframework.web.servlet.mvc.method.annotation.RequestMappingHandlerAdapter.handleInternal(RequestMappingHandlerAdapter.java:738)
	at org.springframework.web.servlet.mvc.method.AbstractHandlerMethodAdapter.handle(AbstractHandlerMethodAdapter.java:85)
	at org.springframework.web.servlet.DispatcherServlet.doDispatch(DispatcherServlet.java:967)
	at org.springframework.web.servlet.DispatcherServlet.doService(DispatcherServlet.java:901)
	at org.springframework.web.servlet.FrameworkServlet.processRequest(FrameworkServlet.java:970)
	at org.springframework.web.servlet.FrameworkServlet.doGet(FrameworkServlet.java:861)
	at javax.servlet.http.HttpServlet.service(HttpServlet.java:635)
	at org.springframework.web.servlet.FrameworkServlet.service(FrameworkServlet.java:846)
	at javax.servlet.http.HttpServlet.service(HttpServlet.java:742)
	at org.apache.catalina.core.ApplicationFilterChain.internalDoFilter(ApplicationFilterChain.java:231)
	at org.apache.catalina.core.ApplicationFilterChain.doFilter(ApplicationFilterChain.java:166)
	at org.apache.tomcat.websocket.server.WsFilter.doFilter(WsFilter.java:52)
	at org.apache.catalina.core.ApplicationFilterChain.internalDoFilter(ApplicationFilterChain.java:193)
	at org.apache.catalina.core.ApplicationFilterChain.doFilter(ApplicationFilterChain.java:166)
	at org.springframework.web.filter.RequestContextFilter.doFilterInternal(RequestContextFilter.java:99)
	at org.springframework.web.filter.OncePerRequestFilter.doFilter(OncePerRequestFilter.java:107)
	at org.apache.catalina.core.ApplicationFilterChain.internalDoFilter(ApplicationFilterChain.java:193)
	at org.apache.catalina.core.ApplicationFilterChain.doFilter(ApplicationFilterChain.java:166)
	at org.springframework.web.filter.HttpPutFormContentFilter.doFilterInternal(HttpPutFormContentFilter.java:108)
	at org.springframework.web.filter.OncePerRequestFilter.doFilter(OncePerRequestFilter.java:107)
	at org.apache.catalina.core.ApplicationFilterChain.internalDoFilter(ApplicationFilterChain.java:193)
	at org.apache.catalina.core.ApplicationFilterChain.doFilter(ApplicationFilterChain.java:166)
	at org.springframework.web.filter.HiddenHttpMethodFilter.doFilterInternal(HiddenHttpMethodFilter.java:81)
	at org.springframework.web.filter.OncePerRequestFilter.doFilter(OncePerRequestFilter.java:107)
	at org.apache.catalina.core.ApplicationFilterChain.internalDoFilter(ApplicationFilterChain.java:193)
	at org.apache.catalina.core.ApplicationFilterChain.doFilter(ApplicationFilterChain.java:166)
	at org.springframework.web.filter.CharacterEncodingFilter.doFilterInternal(CharacterEncodingFilter.java:197)
	at org.springframework.web.filter.OncePerRequestFilter.doFilter(OncePerRequestFilter.java:107)
	at org.apache.catalina.core.ApplicationFilterChain.internalDoFilter(ApplicationFilterChain.java:193)
	at org.apache.catalina.core.ApplicationFilterChain.doFilter(ApplicationFilterChain.java:166)
	at org.apache.catalina.core.StandardWrapperValve.invoke(StandardWrapperValve.java:199)
	at org.apache.catalina.core.StandardContextValve.invoke(StandardContextValve.java:96)
	at org.apache.catalina.authenticator.AuthenticatorBase.invoke(AuthenticatorBase.java:504)
	at org.apache.catalina.core.StandardHostValve.invoke(StandardHostValve.java:140)
	at org.apache.catalina.valves.ErrorReportValve.invoke(ErrorReportValve.java:81)
	at org.apache.catalina.core.StandardEngineValve.invoke(StandardEngineValve.java:87)
	at org.apache.catalina.connector.CoyoteAdapter.service(CoyoteAdapter.java:342)
	at org.apache.coyote.http11.Http11Processor.service(Http11Processor.java:803)
	at org.apache.coyote.AbstractProcessorLight.process(AbstractProcessorLight.java:66)
	at org.apache.coyote.AbstractProtocol$ConnectionHandler.process(AbstractProtocol.java:790)
	at org.apache.tomcat.util.net.NioEndpoint$SocketProcessor.doRun(NioEndpoint.java:1459)
	at org.apache.tomcat.util.net.SocketProcessorBase.run(SocketProcessorBase.java:49)
	at java.util.concurrent.ThreadPoolExecutor.runWorker(ThreadPoolExecutor.java:1149)
	at java.util.concurrent.ThreadPoolExecutor$Worker.run(ThreadPoolExecutor.java:624)
	at org.apache.tomcat.util.threads.TaskThread$WrappingRunnable.run(TaskThread.java:61)
	at java.lang.Thread.run(Thread.java:748)
]
[2019-12-28 15:55:58,214] [WARN] [] [] [] [] [] [] [] [] [] [] [] [] [i.s.m.p.AbstractSerializableParameter] [AbstractSerializableParameter.java:421] [] [] [] [><[Illegal DefaultValue null for parameter type integer]><] [java.lang.NumberFormatException: For input string: ""
	at java.lang.NumberFormatException.forInputString(NumberFormatException.java:65)
	at java.lang.Long.parseLong(Long.java:601)
	at java.lang.Long.valueOf(Long.java:803)
	at io.swagger.models.parameters.AbstractSerializableParameter.getExample(AbstractSerializableParameter.java:412)
	at sun.reflect.NativeMethodAccessorImpl.invoke0(Native Method)
	at sun.reflect.NativeMethodAccessorImpl.invoke(NativeMethodAccessorImpl.java:62)
	at sun.reflect.DelegatingMethodAccessorImpl.invoke(DelegatingMethodAccessorImpl.java:43)
	at java.lang.reflect.Method.invoke(Method.java:498)
	at com.fasterxml.jackson.databind.ser.BeanPropertyWriter.serializeAsField(BeanPropertyWriter.java:664)
	at com.fasterxml.jackson.databind.ser.std.BeanSerializerBase.serializeFields(BeanSerializerBase.java:689)
	at com.fasterxml.jackson.databind.ser.BeanSerializer.serialize(BeanSerializer.java:155)
	at com.fasterxml.jackson.databind.ser.impl.IndexedListSerializer.serializeContents(IndexedListSerializer.java:119)
	at com.fasterxml.jackson.databind.ser.impl.IndexedListSerializer.serialize(IndexedListSerializer.java:79)
	at com.fasterxml.jackson.databind.ser.impl.IndexedListSerializer.serialize(IndexedListSerializer.java:18)
	at com.fasterxml.jackson.databind.ser.BeanPropertyWriter.serializeAsField(BeanPropertyWriter.java:704)
	at com.fasterxml.jackson.databind.ser.std.BeanSerializerBase.serializeFields(BeanSerializerBase.java:689)
	at com.fasterxml.jackson.databind.ser.BeanSerializer.serialize(BeanSerializer.java:155)
	at com.fasterxml.jackson.databind.ser.BeanPropertyWriter.serializeAsField(BeanPropertyWriter.java:704)
	at com.fasterxml.jackson.databind.ser.std.BeanSerializerBase.serializeFields(BeanSerializerBase.java:689)
	at com.fasterxml.jackson.databind.ser.BeanSerializer.serialize(BeanSerializer.java:155)
	at com.fasterxml.jackson.databind.ser.std.MapSerializer.serializeFields(MapSerializer.java:633)
	at com.fasterxml.jackson.databind.ser.std.MapSerializer.serialize(MapSerializer.java:536)
	at com.fasterxml.jackson.databind.ser.std.MapSerializer.serialize(MapSerializer.java:30)
	at com.fasterxml.jackson.databind.ser.BeanPropertyWriter.serializeAsField(BeanPropertyWriter.java:704)
	at com.fasterxml.jackson.databind.ser.std.BeanSerializerBase.serializeFields(BeanSerializerBase.java:689)
	at com.fasterxml.jackson.databind.ser.BeanSerializer.serialize(BeanSerializer.java:155)
	at com.fasterxml.jackson.databind.ser.DefaultSerializerProvider.serializeValue(DefaultSerializerProvider.java:292)
	at com.fasterxml.jackson.databind.ObjectMapper._configAndWriteValue(ObjectMapper.java:3697)
	at com.fasterxml.jackson.databind.ObjectMapper.writeValueAsString(ObjectMapper.java:3073)
	at springfox.documentation.spring.web.json.JsonSerializer.toJson(JsonSerializer.java:38)
	at springfox.documentation.swagger2.web.Swagger2Controller.getDocumentation(Swagger2Controller.java:105)
	at sun.reflect.NativeMethodAccessorImpl.invoke0(Native Method)
	at sun.reflect.NativeMethodAccessorImpl.invoke(NativeMethodAccessorImpl.java:62)
	at sun.reflect.DelegatingMethodAccessorImpl.invoke(DelegatingMethodAccessorImpl.java:43)
	at java.lang.reflect.Method.invoke(Method.java:498)
	at org.springframework.web.method.support.InvocableHandlerMethod.doInvoke(InvocableHandlerMethod.java:205)
	at org.springframework.web.method.support.InvocableHandlerMethod.invokeForRequest(InvocableHandlerMethod.java:133)
	at org.springframework.web.servlet.mvc.method.annotation.ServletInvocableHandlerMethod.invokeAndHandle(ServletInvocableHandlerMethod.java:97)
	at org.springframework.web.servlet.mvc.method.annotation.RequestMappingHandlerAdapter.invokeHandlerMethod(RequestMappingHandlerAdapter.java:827)
	at org.springframework.web.servlet.mvc.method.annotation.RequestMappingHandlerAdapter.handleInternal(RequestMappingHandlerAdapter.java:738)
	at org.springframework.web.servlet.mvc.method.AbstractHandlerMethodAdapter.handle(AbstractHandlerMethodAdapter.java:85)
	at org.springframework.web.servlet.DispatcherServlet.doDispatch(DispatcherServlet.java:967)
	at org.springframework.web.servlet.DispatcherServlet.doService(DispatcherServlet.java:901)
	at org.springframework.web.servlet.FrameworkServlet.processRequest(FrameworkServlet.java:970)
	at org.springframework.web.servlet.FrameworkServlet.doGet(FrameworkServlet.java:861)
	at javax.servlet.http.HttpServlet.service(HttpServlet.java:635)
	at org.springframework.web.servlet.FrameworkServlet.service(FrameworkServlet.java:846)
	at javax.servlet.http.HttpServlet.service(HttpServlet.java:742)
	at org.apache.catalina.core.ApplicationFilterChain.internalDoFilter(ApplicationFilterChain.java:231)
	at org.apache.catalina.core.ApplicationFilterChain.doFilter(ApplicationFilterChain.java:166)
	at org.apache.tomcat.websocket.server.WsFilter.doFilter(WsFilter.java:52)
	at org.apache.catalina.core.ApplicationFilterChain.internalDoFilter(ApplicationFilterChain.java:193)
	at org.apache.catalina.core.ApplicationFilterChain.doFilter(ApplicationFilterChain.java:166)
	at org.springframework.web.filter.RequestContextFilter.doFilterInternal(RequestContextFilter.java:99)
	at org.springframework.web.filter.OncePerRequestFilter.doFilter(OncePerRequestFilter.java:107)
	at org.apache.catalina.core.ApplicationFilterChain.internalDoFilter(ApplicationFilterChain.java:193)
	at org.apache.catalina.core.ApplicationFilterChain.doFilter(ApplicationFilterChain.java:166)
	at org.springframework.web.filter.HttpPutFormContentFilter.doFilterInternal(HttpPutFormContentFilter.java:108)
	at org.springframework.web.filter.OncePerRequestFilter.doFilter(OncePerRequestFilter.java:107)
	at org.apache.catalina.core.ApplicationFilterChain.internalDoFilter(ApplicationFilterChain.java:193)
	at org.apache.catalina.core.ApplicationFilterChain.doFilter(ApplicationFilterChain.java:166)
	at org.springframework.web.filter.HiddenHttpMethodFilter.doFilterInternal(HiddenHttpMethodFilter.java:81)
	at org.springframework.web.filter.OncePerRequestFilter.doFilter(OncePerRequestFilter.java:107)
	at org.apache.catalina.core.ApplicationFilterChain.internalDoFilter(ApplicationFilterChain.java:193)
	at org.apache.catalina.core.ApplicationFilterChain.doFilter(ApplicationFilterChain.java:166)
	at org.springframework.web.filter.CharacterEncodingFilter.doFilterInternal(CharacterEncodingFilter.java:197)
	at org.springframework.web.filter.OncePerRequestFilter.doFilter(OncePerRequestFilter.java:107)
	at org.apache.catalina.core.ApplicationFilterChain.internalDoFilter(ApplicationFilterChain.java:193)
	at org.apache.catalina.core.ApplicationFilterChain.doFilter(ApplicationFilterChain.java:166)
	at org.apache.catalina.core.StandardWrapperValve.invoke(StandardWrapperValve.java:199)
	at org.apache.catalina.core.StandardContextValve.invoke(StandardContextValve.java:96)
	at org.apache.catalina.authenticator.AuthenticatorBase.invoke(AuthenticatorBase.java:504)
	at org.apache.catalina.core.StandardHostValve.invoke(StandardHostValve.java:140)
	at org.apache.catalina.valves.ErrorReportValve.invoke(ErrorReportValve.java:81)
	at org.apache.catalina.core.StandardEngineValve.invoke(StandardEngineValve.java:87)
	at org.apache.catalina.connector.CoyoteAdapter.service(CoyoteAdapter.java:342)
	at org.apache.coyote.http11.Http11Processor.service(Http11Processor.java:803)
	at org.apache.coyote.AbstractProcessorLight.process(AbstractProcessorLight.java:66)
	at org.apache.coyote.AbstractProtocol$ConnectionHandler.process(AbstractProtocol.java:790)
	at org.apache.tomcat.util.net.NioEndpoint$SocketProcessor.doRun(NioEndpoint.java:1459)
	at org.apache.tomcat.util.net.SocketProcessorBase.run(SocketProcessorBase.java:49)
	at java.util.concurrent.ThreadPoolExecutor.runWorker(ThreadPoolExecutor.java:1149)
	at java.util.concurrent.ThreadPoolExecutor$Worker.run(ThreadPoolExecutor.java:624)
	at org.apache.tomcat.util.threads.TaskThread$WrappingRunnable.run(TaskThread.java:61)
	at java.lang.Thread.run(Thread.java:748)
]
[2019-12-28 15:55:58,215] [WARN] [] [] [] [] [] [] [] [] [] [] [] [] [i.s.m.p.AbstractSerializableParameter] [AbstractSerializableParameter.java:421] [] [] [] [><[Illegal DefaultValue null for parameter type integer]><] [java.lang.NumberFormatException: For input string: ""
	at java.lang.NumberFormatException.forInputString(NumberFormatException.java:65)
	at java.lang.Long.parseLong(Long.java:601)
	at java.lang.Long.valueOf(Long.java:803)
	at io.swagger.models.parameters.AbstractSerializableParameter.getExample(AbstractSerializableParameter.java:412)
	at sun.reflect.NativeMethodAccessorImpl.invoke0(Native Method)
	at sun.reflect.NativeMethodAccessorImpl.invoke(NativeMethodAccessorImpl.java:62)
	at sun.reflect.DelegatingMethodAccessorImpl.invoke(DelegatingMethodAccessorImpl.java:43)
	at java.lang.reflect.Method.invoke(Method.java:498)
	at com.fasterxml.jackson.databind.ser.BeanPropertyWriter.serializeAsField(BeanPropertyWriter.java:664)
	at com.fasterxml.jackson.databind.ser.std.BeanSerializerBase.serializeFields(BeanSerializerBase.java:689)
	at com.fasterxml.jackson.databind.ser.BeanSerializer.serialize(BeanSerializer.java:155)
	at com.fasterxml.jackson.databind.ser.impl.IndexedListSerializer.serializeContents(IndexedListSerializer.java:119)
	at com.fasterxml.jackson.databind.ser.impl.IndexedListSerializer.serialize(IndexedListSerializer.java:79)
	at com.fasterxml.jackson.databind.ser.impl.IndexedListSerializer.serialize(IndexedListSerializer.java:18)
	at com.fasterxml.jackson.databind.ser.BeanPropertyWriter.serializeAsField(BeanPropertyWriter.java:704)
	at com.fasterxml.jackson.databind.ser.std.BeanSerializerBase.serializeFields(BeanSerializerBase.java:689)
	at com.fasterxml.jackson.databind.ser.BeanSerializer.serialize(BeanSerializer.java:155)
	at com.fasterxml.jackson.databind.ser.BeanPropertyWriter.serializeAsField(BeanPropertyWriter.java:704)
	at com.fasterxml.jackson.databind.ser.std.BeanSerializerBase.serializeFields(BeanSerializerBase.java:689)
	at com.fasterxml.jackson.databind.ser.BeanSerializer.serialize(BeanSerializer.java:155)
	at com.fasterxml.jackson.databind.ser.std.MapSerializer.serializeFields(MapSerializer.java:633)
	at com.fasterxml.jackson.databind.ser.std.MapSerializer.serialize(MapSerializer.java:536)
	at com.fasterxml.jackson.databind.ser.std.MapSerializer.serialize(MapSerializer.java:30)
	at com.fasterxml.jackson.databind.ser.BeanPropertyWriter.serializeAsField(BeanPropertyWriter.java:704)
	at com.fasterxml.jackson.databind.ser.std.BeanSerializerBase.serializeFields(BeanSerializerBase.java:689)
	at com.fasterxml.jackson.databind.ser.BeanSerializer.serialize(BeanSerializer.java:155)
	at com.fasterxml.jackson.databind.ser.DefaultSerializerProvider.serializeValue(DefaultSerializerProvider.java:292)
	at com.fasterxml.jackson.databind.ObjectMapper._configAndWriteValue(ObjectMapper.java:3697)
	at com.fasterxml.jackson.databind.ObjectMapper.writeValueAsString(ObjectMapper.java:3073)
	at springfox.documentation.spring.web.json.JsonSerializer.toJson(JsonSerializer.java:38)
	at springfox.documentation.swagger2.web.Swagger2Controller.getDocumentation(Swagger2Controller.java:105)
	at sun.reflect.NativeMethodAccessorImpl.invoke0(Native Method)
	at sun.reflect.NativeMethodAccessorImpl.invoke(NativeMethodAccessorImpl.java:62)
	at sun.reflect.DelegatingMethodAccessorImpl.invoke(DelegatingMethodAccessorImpl.java:43)
	at java.lang.reflect.Method.invoke(Method.java:498)
	at org.springframework.web.method.support.InvocableHandlerMethod.doInvoke(InvocableHandlerMethod.java:205)
	at org.springframework.web.method.support.InvocableHandlerMethod.invokeForRequest(InvocableHandlerMethod.java:133)
	at org.springframework.web.servlet.mvc.method.annotation.ServletInvocableHandlerMethod.invokeAndHandle(ServletInvocableHandlerMethod.java:97)
	at org.springframework.web.servlet.mvc.method.annotation.RequestMappingHandlerAdapter.invokeHandlerMethod(RequestMappingHandlerAdapter.java:827)
	at org.springframework.web.servlet.mvc.method.annotation.RequestMappingHandlerAdapter.handleInternal(RequestMappingHandlerAdapter.java:738)
	at org.springframework.web.servlet.mvc.method.AbstractHandlerMethodAdapter.handle(AbstractHandlerMethodAdapter.java:85)
	at org.springframework.web.servlet.DispatcherServlet.doDispatch(DispatcherServlet.java:967)
	at org.springframework.web.servlet.DispatcherServlet.doService(DispatcherServlet.java:901)
	at org.springframework.web.servlet.FrameworkServlet.processRequest(FrameworkServlet.java:970)
	at org.springframework.web.servlet.FrameworkServlet.doGet(FrameworkServlet.java:861)
	at javax.servlet.http.HttpServlet.service(HttpServlet.java:635)
	at org.springframework.web.servlet.FrameworkServlet.service(FrameworkServlet.java:846)
	at javax.servlet.http.HttpServlet.service(HttpServlet.java:742)
	at org.apache.catalina.core.ApplicationFilterChain.internalDoFilter(ApplicationFilterChain.java:231)
	at org.apache.catalina.core.ApplicationFilterChain.doFilter(ApplicationFilterChain.java:166)
	at org.apache.tomcat.websocket.server.WsFilter.doFilter(WsFilter.java:52)
	at org.apache.catalina.core.ApplicationFilterChain.internalDoFilter(ApplicationFilterChain.java:193)
	at org.apache.catalina.core.ApplicationFilterChain.doFilter(ApplicationFilterChain.java:166)
	at org.springframework.web.filter.RequestContextFilter.doFilterInternal(RequestContextFilter.java:99)
	at org.springframework.web.filter.OncePerRequestFilter.doFilter(OncePerRequestFilter.java:107)
	at org.apache.catalina.core.ApplicationFilterChain.internalDoFilter(ApplicationFilterChain.java:193)
	at org.apache.catalina.core.ApplicationFilterChain.doFilter(ApplicationFilterChain.java:166)
	at org.springframework.web.filter.HttpPutFormContentFilter.doFilterInternal(HttpPutFormContentFilter.java:108)
	at org.springframework.web.filter.OncePerRequestFilter.doFilter(OncePerRequestFilter.java:107)
	at org.apache.catalina.core.ApplicationFilterChain.internalDoFilter(ApplicationFilterChain.java:193)
	at org.apache.catalina.core.ApplicationFilterChain.doFilter(ApplicationFilterChain.java:166)
	at org.springframework.web.filter.HiddenHttpMethodFilter.doFilterInternal(HiddenHttpMethodFilter.java:81)
	at org.springframework.web.filter.OncePerRequestFilter.doFilter(OncePerRequestFilter.java:107)
	at org.apache.catalina.core.ApplicationFilterChain.internalDoFilter(ApplicationFilterChain.java:193)
	at org.apache.catalina.core.ApplicationFilterChain.doFilter(ApplicationFilterChain.java:166)
	at org.springframework.web.filter.CharacterEncodingFilter.doFilterInternal(CharacterEncodingFilter.java:197)
	at org.springframework.web.filter.OncePerRequestFilter.doFilter(OncePerRequestFilter.java:107)
	at org.apache.catalina.core.ApplicationFilterChain.internalDoFilter(ApplicationFilterChain.java:193)
	at org.apache.catalina.core.ApplicationFilterChain.doFilter(ApplicationFilterChain.java:166)
	at org.apache.catalina.core.StandardWrapperValve.invoke(StandardWrapperValve.java:199)
	at org.apache.catalina.core.StandardContextValve.invoke(StandardContextValve.java:96)
	at org.apache.catalina.authenticator.AuthenticatorBase.invoke(AuthenticatorBase.java:504)
	at org.apache.catalina.core.StandardHostValve.invoke(StandardHostValve.java:140)
	at org.apache.catalina.valves.ErrorReportValve.invoke(ErrorReportValve.java:81)
	at org.apache.catalina.core.StandardEngineValve.invoke(StandardEngineValve.java:87)
	at org.apache.catalina.connector.CoyoteAdapter.service(CoyoteAdapter.java:342)
	at org.apache.coyote.http11.Http11Processor.service(Http11Processor.java:803)
	at org.apache.coyote.AbstractProcessorLight.process(AbstractProcessorLight.java:66)
	at org.apache.coyote.AbstractProtocol$ConnectionHandler.process(AbstractProtocol.java:790)
	at org.apache.tomcat.util.net.NioEndpoint$SocketProcessor.doRun(NioEndpoint.java:1459)
	at org.apache.tomcat.util.net.SocketProcessorBase.run(SocketProcessorBase.java:49)
	at java.util.concurrent.ThreadPoolExecutor.runWorker(ThreadPoolExecutor.java:1149)
	at java.util.concurrent.ThreadPoolExecutor$Worker.run(ThreadPoolExecutor.java:624)
	at org.apache.tomcat.util.threads.TaskThread$WrappingRunnable.run(TaskThread.java:61)
	at java.lang.Thread.run(Thread.java:748)
]
